[ 2016-08-25T13:43:47+08:00 ] 119.118.70.56 /Kby1
INFO: [ route_check ] --START--
INFO: CheckRoute Behavior ::run [ RunTime:0.000000s ]
INFO: [ route_check ] --END-- [ RunTime:0.000000s ]
INFO: [ app_begin ] --START--
INFO: ReadHtmlCache Behavior ::run [ RunTime:0.000000s ]
INFO: CheckLang Behavior ::run [ RunTime:0.000000s ]
INFO: [ app_begin ] --END-- [ RunTime:0.000000s ]
ERR: 无法加载模块:Kby1

[ 2016-08-25T13:43:48+08:00 ] 119.118.70.56 /Kby1
INFO: [ route_check ] --START--
INFO: CheckRoute Behavior ::run [ RunTime:0.031169s ]
INFO: [ route_check ] --END-- [ RunTime:0.031169s ]
INFO: [ app_begin ] --START--
INFO: ReadHtmlCache Behavior ::run [ RunTime:0.000000s ]
INFO: CheckLang Behavior ::run [ RunTime:0.000000s ]
INFO: [ app_begin ] --END-- [ RunTime:0.000000s ]
ERR: 无法加载模块:Kby1

[ 2016-08-25T13:43:49+08:00 ] 119.118.70.56 /Kby1
INFO: [ route_check ] --START--
INFO: CheckRoute Behavior ::run [ RunTime:0.015585s ]
INFO: [ route_check ] --END-- [ RunTime:0.015585s ]
INFO: [ app_begin ] --START--
INFO: ReadHtmlCache Behavior ::run [ RunTime:0.000000s ]
INFO: CheckLang Behavior ::run [ RunTime:0.000000s ]
INFO: [ app_begin ] --END-- [ RunTime:0.000000s ]
ERR: 无法加载模块:Kby1

[ 2016-08-25T13:43:49+08:00 ] 119.118.70.56 /Kby1
INFO: [ route_check ] --START--
INFO: CheckRoute Behavior ::run [ RunTime:0.000000s ]
INFO: [ route_check ] --END-- [ RunTime:0.000000s ]
INFO: [ app_begin ] --START--
INFO: ReadHtmlCache Behavior ::run [ RunTime:0.000000s ]
INFO: CheckLang Behavior ::run [ RunTime:0.015585s ]
INFO: [ app_begin ] --END-- [ RunTime:0.015585s ]
ERR: 无法加载模块:Kby1

[ 2016-08-25T13:43:50+08:00 ] 119.118.70.56 /Kby1
INFO: [ route_check ] --START--
INFO: CheckRoute Behavior ::run [ RunTime:0.015585s ]
INFO: [ route_check ] --END-- [ RunTime:0.015585s ]
INFO: [ app_begin ] --START--
INFO: ReadHtmlCache Behavior ::run [ RunTime:0.000000s ]
INFO: CheckLang Behavior ::run [ RunTime:0.000000s ]
INFO: [ app_begin ] --END-- [ RunTime:0.000000s ]
ERR: 无法加载模块:Kby1

[ 2016-08-25T13:43:50+08:00 ] 119.118.70.56 /Kby1
INFO: [ route_check ] --START--
INFO: CheckRoute Behavior ::run [ RunTime:0.000000s ]
INFO: [ route_check ] --END-- [ RunTime:0.000000s ]
INFO: [ app_begin ] --START--
INFO: ReadHtmlCache Behavior ::run [ RunTime:0.015585s ]
INFO: CheckLang Behavior ::run [ RunTime:0.000000s ]
INFO: [ app_begin ] --END-- [ RunTime:0.015585s ]
ERR: 无法加载模块:Kby1

[ 2016-08-25T13:43:50+08:00 ] 119.118.70.56 /Kby1
INFO: [ route_check ] --START--
INFO: CheckRoute Behavior ::run [ RunTime:0.015585s ]
INFO: [ route_check ] --END-- [ RunTime:0.015585s ]
INFO: [ app_begin ] --START--
INFO: ReadHtmlCache Behavior ::run [ RunTime:0.000000s ]
INFO: CheckLang Behavior ::run [ RunTime:0.015585s ]
INFO: [ app_begin ] --END-- [ RunTime:0.015585s ]
ERR: 无法加载模块:Kby1

[ 2016-08-25T13:44:27+08:00 ] 180.153.205.254 /Kby1?tx=6YC85486XL396674Y&st=Completed&amt=100.00&cc=USD&cm=1472103659&item_number=
INFO: [ route_check ] --START--
INFO: CheckRoute Behavior ::run [ RunTime:0.062369s ]
INFO: [ route_check ] --END-- [ RunTime:0.062369s ]
INFO: [ app_begin ] --START--
INFO: ReadHtmlCache Behavior ::run [ RunTime:0.000000s ]
INFO: CheckLang Behavior ::run [ RunTime:0.000000s ]
INFO: [ app_begin ] --END-- [ RunTime:0.000000s ]
ERR: 无法加载模块:Kby1

[ 2016-08-25T13:45:09+08:00 ] 101.226.33.239 /Kby
INFO: [ route_check ] --START--
INFO: CheckRoute Behavior ::run [ RunTime:0.015599s ]
INFO: [ route_check ] --END-- [ RunTime:0.015599s ]
INFO: [ app_begin ] --START--
INFO: ReadHtmlCache Behavior ::run [ RunTime:0.000000s ]
INFO: CheckLang Behavior ::run [ RunTime:0.000000s ]
INFO: [ app_begin ] --END-- [ RunTime:0.000000s ]

[ 2016-08-25T13:45:10+08:00 ] 101.226.33.239 /Home/Login/index.html
INFO: [ route_check ] --START--
INFO: CheckRoute Behavior ::run [ RunTime:0.000000s ]
INFO: [ route_check ] --END-- [ RunTime:0.000000s ]
INFO: [ app_begin ] --START--
INFO: ReadHtmlCache Behavior ::run [ RunTime:0.000000s ]
INFO: CheckLang Behavior ::run [ RunTime:0.000000s ]
INFO: [ app_begin ] --END-- [ RunTime:0.000000s ]
SQL: SHOW COLUMNS FROM `yhb` [ RunTime:0.031199s ]
SQL: SELECT * FROM `yhb`  [ RunTime:0.015600s ]
INFO: [ view_parse ] --START--
INFO: ParseTemplate Behavior ::run [ RunTime:0.031199s ]
INFO: [ view_parse ] --END-- [ RunTime:0.031199s ]
INFO: [ view_filter ] --START--
INFO: ContentReplace Behavior ::run [ RunTime:0.000000s ]
INFO: TokenBuild Behavior ::run [ RunTime:0.000000s ]
INFO: WriteHtmlCache Behavior ::run [ RunTime:0.000000s ]
INFO: ShowRuntime Behavior ::run [ RunTime:0.000000s ]
INFO: [ view_filter ] --END-- [ RunTime:0.000000s ]
INFO: [ view_end ] --START--
INFO: ShowPageTrace Behavior ::run [ RunTime:0.015599s ]
INFO: [ view_end ] --END-- [ RunTime:0.015599s ]

[ 2016-08-25T13:45:25+08:00 ] 180.153.201.79 /Kby1
INFO: [ route_check ] --START--
INFO: CheckRoute Behavior ::run [ RunTime:0.000000s ]
INFO: [ route_check ] --END-- [ RunTime:0.000000s ]
INFO: [ app_begin ] --START--
INFO: ReadHtmlCache Behavior ::run [ RunTime:0.000000s ]
INFO: CheckLang Behavior ::run [ RunTime:0.000000s ]
INFO: [ app_begin ] --END-- [ RunTime:0.000000s ]
ERR: 无法加载模块:Kby1

[ 2016-08-25T13:46:32+08:00 ] 119.118.70.56 /Kby1
INFO: [ route_check ] --START--
INFO: CheckRoute Behavior ::run [ RunTime:0.000000s ]
INFO: [ route_check ] --END-- [ RunTime:0.000000s ]
INFO: [ app_begin ] --START--
INFO: ReadHtmlCache Behavior ::run [ RunTime:0.000000s ]
INFO: CheckLang Behavior ::run [ RunTime:0.015613s ]
INFO: [ app_begin ] --END-- [ RunTime:0.015613s ]
ERR: 无法加载模块:Kby1

[ 2016-08-25T13:46:33+08:00 ] 119.118.70.56 /Kby1
INFO: [ route_check ] --START--
INFO: CheckRoute Behavior ::run [ RunTime:0.000000s ]
INFO: [ route_check ] --END-- [ RunTime:0.000000s ]
INFO: [ app_begin ] --START--
INFO: ReadHtmlCache Behavior ::run [ RunTime:0.000000s ]
INFO: CheckLang Behavior ::run [ RunTime:0.000000s ]
INFO: [ app_begin ] --END-- [ RunTime:0.000000s ]
ERR: 无法加载模块:Kby1

[ 2016-08-25T13:46:49+08:00 ] 119.118.70.56 /Kby1
INFO: [ route_check ] --START--
INFO: CheckRoute Behavior ::run [ RunTime:0.000000s ]
INFO: [ route_check ] --END-- [ RunTime:0.000000s ]
INFO: [ app_begin ] --START--
INFO: ReadHtmlCache Behavior ::run [ RunTime:0.000000s ]
INFO: CheckLang Behavior ::run [ RunTime:0.000000s ]
INFO: [ app_begin ] --END-- [ RunTime:0.000000s ]
NOTIC: [8] Undefined index: st C:\jywz\Modules\Home\Action\Kby1Action.class.php 第 7 行.
NOTIC: [8] Undefined index: cm C:\jywz\Modules\Home\Action\Kby1Action.class.php 第 8 行.
SQL: SHOW COLUMNS FROM `czb` [ RunTime:0.062459s ]
SQL: SELECT * FROM `czb` WHERE ( ddid='' )  [ RunTime:0.000000s ]
INFO: [ view_parse ] --START--
INFO: ParseTemplate Behavior ::run [ RunTime:0.031229s ]
INFO: [ view_parse ] --END-- [ RunTime:0.031229s ]
INFO: [ view_filter ] --START--
INFO: ContentReplace Behavior ::run [ RunTime:0.000000s ]
INFO: TokenBuild Behavior ::run [ RunTime:0.015615s ]
INFO: WriteHtmlCache Behavior ::run [ RunTime:0.000000s ]
INFO: ShowRuntime Behavior ::run [ RunTime:0.000000s ]
INFO: [ view_filter ] --END-- [ RunTime:0.015615s ]
INFO: [ view_end ] --START--
INFO: ShowPageTrace Behavior ::run [ RunTime:0.000000s ]
INFO: [ view_end ] --END-- [ RunTime:0.000000s ]

[ 2016-08-25T13:46:50+08:00 ] 119.118.70.56 /Index
INFO: [ route_check ] --START--
INFO: CheckRoute Behavior ::run [ RunTime:0.000000s ]
INFO: [ route_check ] --END-- [ RunTime:0.000000s ]
INFO: [ app_begin ] --START--
INFO: ReadHtmlCache Behavior ::run [ RunTime:0.000000s ]
INFO: CheckLang Behavior ::run [ RunTime:0.000000s ]
INFO: [ app_begin ] --END-- [ RunTime:0.000000s ]
NOTIC: [8] Undefined index: cm C:\jywz\Modules\Home\Action\IndexAction.class.php 第 5 行.
SQL: select * from yhb where yhzh='li309263754' [ RunTime:0.000000s ]
SQL: select * from yhb where yhzh <> 'li309263754' limit 0,5 [ RunTime:0.000000s ]
INFO: [ view_parse ] --START--
INFO: ParseTemplate Behavior ::run [ RunTime:0.156146s ]
INFO: [ view_parse ] --END-- [ RunTime:0.156146s ]
INFO: [ view_filter ] --START--
INFO: ContentReplace Behavior ::run [ RunTime:0.015615s ]
INFO: TokenBuild Behavior ::run [ RunTime:0.000000s ]
INFO: WriteHtmlCache Behavior ::run [ RunTime:0.000000s ]
INFO: ShowRuntime Behavior ::run [ RunTime:0.000000s ]
INFO: [ view_filter ] --END-- [ RunTime:0.015615s ]
INFO: [ view_end ] --START--
INFO: ShowPageTrace Behavior ::run [ RunTime:0.000000s ]
INFO: [ view_end ] --END-- [ RunTime:0.000000s ]

[ 2016-08-25T13:46:51+08:00 ] 119.118.70.56 /Shouye
INFO: [ route_check ] --START--
INFO: CheckRoute Behavior ::run [ RunTime:0.015614s ]
INFO: [ route_check ] --END-- [ RunTime:0.015614s ]
INFO: [ app_begin ] --START--
INFO: ReadHtmlCache Behavior ::run [ RunTime:0.000000s ]
INFO: CheckLang Behavior ::run [ RunTime:0.000000s ]
INFO: [ app_begin ] --END-- [ RunTime:0.000000s ]
SQL: select * from yhb where yhzh='li309263754' [ RunTime:0.000000s ]
SQL: SHOW COLUMNS FROM `yhb` [ RunTime:0.000000s ]
SQL: SELECT COUNT(*) AS tp_count FROM `yhb` LIMIT 1   [ RunTime:0.000000s ]
SQL: SELECT * FROM `yhb` WHERE ( yhzh <> 'li309263754' ) LIMIT 0,12   [ RunTime:0.000000s ]
INFO: [ view_parse ] --START--
INFO: ParseTemplate Behavior ::run [ RunTime:0.015614s ]
INFO: [ view_parse ] --END-- [ RunTime:0.015614s ]
INFO: [ view_filter ] --START--
INFO: ContentReplace Behavior ::run [ RunTime:0.000000s ]
INFO: TokenBuild Behavior ::run [ RunTime:0.000000s ]
INFO: WriteHtmlCache Behavior ::run [ RunTime:0.000000s ]
INFO: ShowRuntime Behavior ::run [ RunTime:0.000000s ]
INFO: [ view_filter ] --END-- [ RunTime:0.000000s ]
INFO: [ view_end ] --START--
INFO: ShowPageTrace Behavior ::run [ RunTime:0.000000s ]
INFO: [ view_end ] --END-- [ RunTime:0.000000s ]

[ 2016-08-25T13:46:52+08:00 ] 119.118.70.56 /Chongzhi
INFO: [ route_check ] --START--
INFO: CheckRoute Behavior ::run [ RunTime:0.000000s ]
INFO: [ route_check ] --END-- [ RunTime:0.000000s ]
INFO: [ app_begin ] --START--
INFO: ReadHtmlCache Behavior ::run [ RunTime:0.000000s ]
INFO: CheckLang Behavior ::run [ RunTime:0.000000s ]
INFO: [ app_begin ] --END-- [ RunTime:0.000000s ]
SQL: SHOW COLUMNS FROM `yhb` [ RunTime:0.031229s ]
SQL: SELECT * FROM `yhb` WHERE ( yhzh='li309263754' )  [ RunTime:0.000000s ]
SQL: SHOW COLUMNS FROM `pengyou` [ RunTime:0.031229s ]
SQL: SELECT * FROM `pengyou` WHERE ( yhzh='li309263754' )  [ RunTime:0.000000s ]
INFO: [ view_parse ] --START--
INFO: ParseTemplate Behavior ::run [ RunTime:0.109302s ]
INFO: [ view_parse ] --END-- [ RunTime:0.109302s ]
INFO: [ view_filter ] --START--
INFO: ContentReplace Behavior ::run [ RunTime:0.015615s ]
INFO: TokenBuild Behavior ::run [ RunTime:0.000000s ]
INFO: WriteHtmlCache Behavior ::run [ RunTime:0.000000s ]
INFO: ShowRuntime Behavior ::run [ RunTime:0.000000s ]
INFO: [ view_filter ] --END-- [ RunTime:0.015615s ]
INFO: [ view_end ] --START--
INFO: ShowPageTrace Behavior ::run [ RunTime:0.000000s ]
INFO: [ view_end ] --END-- [ RunTime:0.000000s ]

[ 2016-08-25T13:46:54+08:00 ] 119.118.70.56 /Index
INFO: [ route_check ] --START--
INFO: CheckRoute Behavior ::run [ RunTime:0.000000s ]
INFO: [ route_check ] --END-- [ RunTime:0.000000s ]
INFO: [ app_begin ] --START--
INFO: ReadHtmlCache Behavior ::run [ RunTime:0.000000s ]
INFO: CheckLang Behavior ::run [ RunTime:0.000000s ]
INFO: [ app_begin ] --END-- [ RunTime:0.000000s ]
NOTIC: [8] Undefined index: cm C:\jywz\Modules\Home\Action\IndexAction.class.php 第 5 行.
SQL: select * from yhb where yhzh='li309263754' [ RunTime:0.000000s ]
SQL: select * from yhb where yhzh <> 'li309263754' limit 0,5 [ RunTime:0.000000s ]
INFO: [ view_parse ] --START--
INFO: ParseTemplate Behavior ::run [ RunTime:0.093688s ]
INFO: [ view_parse ] --END-- [ RunTime:0.093688s ]
INFO: [ view_filter ] --START--
INFO: ContentReplace Behavior ::run [ RunTime:0.000000s ]
INFO: TokenBuild Behavior ::run [ RunTime:0.000000s ]
INFO: WriteHtmlCache Behavior ::run [ RunTime:0.000000s ]
INFO: ShowRuntime Behavior ::run [ RunTime:0.000000s ]
INFO: [ view_filter ] --END-- [ RunTime:0.000000s ]
INFO: [ view_end ] --START--
INFO: ShowPageTrace Behavior ::run [ RunTime:0.000000s ]
INFO: [ view_end ] --END-- [ RunTime:0.000000s ]

[ 2016-08-25T13:46:55+08:00 ] 119.118.70.56 /Shouye
INFO: [ route_check ] --START--
INFO: CheckRoute Behavior ::run [ RunTime:0.000000s ]
INFO: [ route_check ] --END-- [ RunTime:0.000000s ]
INFO: [ app_begin ] --START--
INFO: ReadHtmlCache Behavior ::run [ RunTime:0.000000s ]
INFO: CheckLang Behavior ::run [ RunTime:0.015615s ]
INFO: [ app_begin ] --END-- [ RunTime:0.015615s ]
SQL: select * from yhb where yhzh='li309263754' [ RunTime:0.000000s ]
SQL: SHOW COLUMNS FROM `yhb` [ RunTime:0.015614s ]
SQL: SELECT COUNT(*) AS tp_count FROM `yhb` LIMIT 1   [ RunTime:0.000000s ]
SQL: SELECT * FROM `yhb` WHERE ( yhzh <> 'li309263754' ) LIMIT 0,12   [ RunTime:0.000000s ]
INFO: [ view_parse ] --START--
INFO: ParseTemplate Behavior ::run [ RunTime:0.046844s ]
INFO: [ view_parse ] --END-- [ RunTime:0.046844s ]
INFO: [ view_filter ] --START--
INFO: ContentReplace Behavior ::run [ RunTime:0.000000s ]
INFO: TokenBuild Behavior ::run [ RunTime:0.000000s ]
INFO: WriteHtmlCache Behavior ::run [ RunTime:0.015615s ]
INFO: ShowRuntime Behavior ::run [ RunTime:0.000000s ]
INFO: [ view_filter ] --END-- [ RunTime:0.015615s ]
INFO: [ view_end ] --START--
INFO: ShowPageTrace Behavior ::run [ RunTime:0.000000s ]
INFO: [ view_end ] --END-- [ RunTime:0.000000s ]

[ 2016-08-25T13:46:55+08:00 ] 119.118.70.56 /Chongzhi
INFO: [ route_check ] --START--
INFO: CheckRoute Behavior ::run [ RunTime:0.000000s ]
INFO: [ route_check ] --END-- [ RunTime:0.000000s ]
INFO: [ app_begin ] --START--
INFO: ReadHtmlCache Behavior ::run [ RunTime:0.000000s ]
INFO: CheckLang Behavior ::run [ RunTime:0.000000s ]
INFO: [ app_begin ] --END-- [ RunTime:0.000000s ]
SQL: SHOW COLUMNS FROM `yhb` [ RunTime:0.000000s ]
SQL: SELECT * FROM `yhb` WHERE ( yhzh='li309263754' )  [ RunTime:0.000000s ]
SQL: SHOW COLUMNS FROM `pengyou` [ RunTime:0.000000s ]
SQL: SELECT * FROM `pengyou` WHERE ( yhzh='li309263754' )  [ RunTime:0.000000s ]
INFO: [ view_parse ] --START--
INFO: ParseTemplate Behavior ::run [ RunTime:0.000000s ]
INFO: [ view_parse ] --END-- [ RunTime:0.000000s ]
INFO: [ view_filter ] --START--
INFO: ContentReplace Behavior ::run [ RunTime:0.000000s ]
INFO: TokenBuild Behavior ::run [ RunTime:0.000000s ]
INFO: WriteHtmlCache Behavior ::run [ RunTime:0.000000s ]
INFO: ShowRuntime Behavior ::run [ RunTime:0.000000s ]
INFO: [ view_filter ] --END-- [ RunTime:0.015614s ]
INFO: [ view_end ] --START--
INFO: ShowPageTrace Behavior ::run [ RunTime:0.000000s ]
INFO: [ view_end ] --END-- [ RunTime:0.000000s ]

[ 2016-08-25T13:47:24+08:00 ] 119.118.70.56 /Kby1?tx=55W65375R9431713S&st=Completed&amt=100%2e00&cc=USD&cm=1472104017&item_number=
INFO: [ route_check ] --START--
INFO: CheckRoute Behavior ::run [ RunTime:0.000000s ]
INFO: [ route_check ] --END-- [ RunTime:0.000000s ]
INFO: [ app_begin ] --START--
INFO: ReadHtmlCache Behavior ::run [ RunTime:0.000000s ]
INFO: CheckLang Behavior ::run [ RunTime:0.000000s ]
INFO: [ app_begin ] --END-- [ RunTime:0.000000s ]
SQL: SHOW COLUMNS FROM `czb` [ RunTime:0.000000s ]
SQL: SELECT * FROM `czb` WHERE ( ddid='1472104017' )  [ RunTime:0.031235s ]
SQL: select * from yhb where yhzh='li309263754' [ RunTime:0.000000s ]
SQL: update yhb set yhjb='300' where yhzh='li309263754' [ RunTime:0.000000s ]
INFO: [ view_parse ] --START--
INFO: ParseTemplate Behavior ::run [ RunTime:0.000000s ]
INFO: [ view_parse ] --END-- [ RunTime:0.000000s ]
INFO: [ view_filter ] --START--
INFO: ContentReplace Behavior ::run [ RunTime:0.000000s ]
INFO: TokenBuild Behavior ::run [ RunTime:0.000000s ]
INFO: WriteHtmlCache Behavior ::run [ RunTime:0.000000s ]
INFO: ShowRuntime Behavior ::run [ RunTime:0.000000s ]
INFO: [ view_filter ] --END-- [ RunTime:0.000000s ]
INFO: [ view_end ] --START--
INFO: ShowPageTrace Behavior ::run [ RunTime:0.000000s ]
INFO: [ view_end ] --END-- [ RunTime:0.000000s ]

[ 2016-08-25T13:47:25+08:00 ] 119.118.70.56 /Index
INFO: [ route_check ] --START--
INFO: CheckRoute Behavior ::run [ RunTime:0.000000s ]
INFO: [ route_check ] --END-- [ RunTime:0.000000s ]
INFO: [ app_begin ] --START--
INFO: ReadHtmlCache Behavior ::run [ RunTime:0.000000s ]
INFO: CheckLang Behavior ::run [ RunTime:0.000000s ]
INFO: [ app_begin ] --END-- [ RunTime:0.000000s ]
NOTIC: [8] Undefined index: cm C:\jywz\Modules\Home\Action\IndexAction.class.php 第 5 行.
SQL: select * from yhb where yhzh='li309263754' [ RunTime:0.000000s ]
SQL: select * from yhb where yhzh <> 'li309263754' limit 0,5 [ RunTime:0.000000s ]
INFO: [ view_parse ] --START--
INFO: ParseTemplate Behavior ::run [ RunTime:0.046853s ]
INFO: [ view_parse ] --END-- [ RunTime:0.046853s ]
INFO: [ view_filter ] --START--
INFO: ContentReplace Behavior ::run [ RunTime:0.000000s ]
INFO: TokenBuild Behavior ::run [ RunTime:0.000000s ]
INFO: WriteHtmlCache Behavior ::run [ RunTime:0.000000s ]
INFO: ShowRuntime Behavior ::run [ RunTime:0.000000s ]
INFO: [ view_filter ] --END-- [ RunTime:0.000000s ]
INFO: [ view_end ] --START--
INFO: ShowPageTrace Behavior ::run [ RunTime:0.000000s ]
INFO: [ view_end ] --END-- [ RunTime:0.000000s ]

[ 2016-08-25T13:47:26+08:00 ] 119.118.70.56 /Shouye
INFO: [ route_check ] --START--
INFO: CheckRoute Behavior ::run [ RunTime:0.000000s ]
INFO: [ route_check ] --END-- [ RunTime:0.000000s ]
INFO: [ app_begin ] --START--
INFO: ReadHtmlCache Behavior ::run [ RunTime:0.000000s ]
INFO: CheckLang Behavior ::run [ RunTime:0.000000s ]
INFO: [ app_begin ] --END-- [ RunTime:0.000000s ]
SQL: select * from yhb where yhzh='li309263754' [ RunTime:0.015617s ]
SQL: SHOW COLUMNS FROM `yhb` [ RunTime:0.015618s ]
SQL: SELECT COUNT(*) AS tp_count FROM `yhb` LIMIT 1   [ RunTime:0.015617s ]
SQL: SELECT * FROM `yhb` WHERE ( yhzh <> 'li309263754' ) LIMIT 0,12   [ RunTime:0.000000s ]
INFO: [ view_parse ] --START--
INFO: ParseTemplate Behavior ::run [ RunTime:0.062471s ]
INFO: [ view_parse ] --END-- [ RunTime:0.062471s ]
INFO: [ view_filter ] --START--
INFO: ContentReplace Behavior ::run [ RunTime:0.000000s ]
INFO: TokenBuild Behavior ::run [ RunTime:0.000000s ]
INFO: WriteHtmlCache Behavior ::run [ RunTime:0.000000s ]
INFO: ShowRuntime Behavior ::run [ RunTime:0.000000s ]
INFO: [ view_filter ] --END-- [ RunTime:0.000000s ]
INFO: [ view_end ] --START--
INFO: ShowPageTrace Behavior ::run [ RunTime:0.000000s ]
INFO: [ view_end ] --END-- [ RunTime:0.000000s ]

[ 2016-08-25T13:49:45+08:00 ] 119.118.70.56 /Index
INFO: [ route_check ] --START--
INFO: CheckRoute Behavior ::run [ RunTime:0.000000s ]
INFO: [ route_check ] --END-- [ RunTime:0.000000s ]
INFO: [ app_begin ] --START--
INFO: ReadHtmlCache Behavior ::run [ RunTime:0.000000s ]
INFO: CheckLang Behavior ::run [ RunTime:0.015636s ]
INFO: [ app_begin ] --END-- [ RunTime:0.015636s ]
NOTIC: [8] Undefined index: cm C:\jywz\Modules\Home\Action\IndexAction.class.php 第 5 行.
SQL: select * from yhb where yhzh='li309263754' [ RunTime:0.000000s ]
SQL: select * from yhb where yhzh <> 'li309263754' limit 0,5 [ RunTime:0.000000s ]
INFO: [ view_parse ] --START--
INFO: ParseTemplate Behavior ::run [ RunTime:0.031272s ]
INFO: [ view_parse ] --END-- [ RunTime:0.031272s ]
INFO: [ view_filter ] --START--
INFO: ContentReplace Behavior ::run [ RunTime:0.000000s ]
INFO: TokenBuild Behavior ::run [ RunTime:0.000000s ]
INFO: WriteHtmlCache Behavior ::run [ RunTime:0.000000s ]
INFO: ShowRuntime Behavior ::run [ RunTime:0.031272s ]
INFO: [ view_filter ] --END-- [ RunTime:0.031272s ]
INFO: [ view_end ] --START--
INFO: ShowPageTrace Behavior ::run [ RunTime:0.000000s ]
INFO: [ view_end ] --END-- [ RunTime:0.000000s ]

[ 2016-08-25T13:49:46+08:00 ] 119.118.70.56 /Shouye
INFO: [ route_check ] --START--
INFO: CheckRoute Behavior ::run [ RunTime:0.000000s ]
INFO: [ route_check ] --END-- [ RunTime:0.000000s ]
INFO: [ app_begin ] --START--
INFO: ReadHtmlCache Behavior ::run [ RunTime:0.000000s ]
INFO: CheckLang Behavior ::run [ RunTime:0.000000s ]
INFO: [ app_begin ] --END-- [ RunTime:0.000000s ]
SQL: select * from yhb where yhzh='li309263754' [ RunTime:0.015636s ]
SQL: SHOW COLUMNS FROM `yhb` [ RunTime:0.031272s ]
SQL: SELECT COUNT(*) AS tp_count FROM `yhb` LIMIT 1   [ RunTime:0.015636s ]
SQL: SELECT * FROM `yhb` WHERE ( yhzh <> 'li309263754' ) LIMIT 0,12   [ RunTime:0.000000s ]
INFO: [ view_parse ] --START--
INFO: ParseTemplate Behavior ::run [ RunTime:0.031272s ]
INFO: [ view_parse ] --END-- [ RunTime:0.031272s ]
INFO: [ view_filter ] --START--
INFO: ContentReplace Behavior ::run [ RunTime:0.031272s ]
INFO: TokenBuild Behavior ::run [ RunTime:0.000000s ]
INFO: WriteHtmlCache Behavior ::run [ RunTime:0.000000s ]
INFO: ShowRuntime Behavior ::run [ RunTime:0.000000s ]
INFO: [ view_filter ] --END-- [ RunTime:0.031272s ]
INFO: [ view_end ] --START--
INFO: ShowPageTrace Behavior ::run [ RunTime:0.000000s ]
INFO: [ view_end ] --END-- [ RunTime:0.000000s ]

[ 2016-08-25T13:49:46+08:00 ] 119.118.70.56 /Chongzhi
INFO: [ route_check ] --START--
INFO: CheckRoute Behavior ::run [ RunTime:0.000000s ]
INFO: [ route_check ] --END-- [ RunTime:0.000000s ]
INFO: [ app_begin ] --START--
INFO: ReadHtmlCache Behavior ::run [ RunTime:0.000000s ]
INFO: CheckLang Behavior ::run [ RunTime:0.015636s ]
INFO: [ app_begin ] --END-- [ RunTime:0.015636s ]
SQL: SHOW COLUMNS FROM `yhb` [ RunTime:0.000000s ]
SQL: SELECT * FROM `yhb` WHERE ( yhzh='li309263754' )  [ RunTime:0.000000s ]
SQL: SHOW COLUMNS FROM `pengyou` [ RunTime:0.015636s ]
SQL: SELECT * FROM `pengyou` WHERE ( yhzh='li309263754' )  [ RunTime:0.000000s ]
INFO: [ view_parse ] --START--
INFO: ParseTemplate Behavior ::run [ RunTime:0.046908s ]
INFO: [ view_parse ] --END-- [ RunTime:0.046908s ]
INFO: [ view_filter ] --START--
INFO: ContentReplace Behavior ::run [ RunTime:0.000000s ]
INFO: TokenBuild Behavior ::run [ RunTime:0.000000s ]
INFO: WriteHtmlCache Behavior ::run [ RunTime:0.000000s ]
INFO: ShowRuntime Behavior ::run [ RunTime:0.000000s ]
INFO: [ view_filter ] --END-- [ RunTime:0.000000s ]
INFO: [ view_end ] --START--
INFO: ShowPageTrace Behavior ::run [ RunTime:0.000000s ]
INFO: [ view_end ] --END-- [ RunTime:0.031272s ]

[ 2016-08-25T13:50:19+08:00 ] 119.118.70.56 /Kby1?tx=16D98643MX137104G&st=Completed&amt=200%2e00&cc=USD&cm=1472104189&item_number=
INFO: [ route_check ] --START--
INFO: CheckRoute Behavior ::run [ RunTime:0.000000s ]
INFO: [ route_check ] --END-- [ RunTime:0.000000s ]
INFO: [ app_begin ] --START--
INFO: ReadHtmlCache Behavior ::run [ RunTime:0.000000s ]
INFO: CheckLang Behavior ::run [ RunTime:0.000000s ]
INFO: [ app_begin ] --END-- [ RunTime:0.000000s ]
SQL: SHOW COLUMNS FROM `czb` [ RunTime:0.000000s ]
SQL: SELECT * FROM `czb` WHERE ( ddid='1472104189' )  [ RunTime:0.000000s ]
SQL: select * from yhb where yhzh='li309263754' [ RunTime:0.000000s ]
SQL: update yhb set yhjb='500' where yhzh='li309263754' [ RunTime:0.000000s ]
INFO: [ view_parse ] --START--
INFO: ParseTemplate Behavior ::run [ RunTime:0.015645s ]
INFO: [ view_parse ] --END-- [ RunTime:0.015645s ]
INFO: [ view_filter ] --START--
INFO: ContentReplace Behavior ::run [ RunTime:0.000000s ]
INFO: TokenBuild Behavior ::run [ RunTime:0.000000s ]
INFO: WriteHtmlCache Behavior ::run [ RunTime:0.000000s ]
INFO: ShowRuntime Behavior ::run [ RunTime:0.000000s ]
INFO: [ view_filter ] --END-- [ RunTime:0.000000s ]
INFO: [ view_end ] --START--
INFO: ShowPageTrace Behavior ::run [ RunTime:0.000000s ]
INFO: [ view_end ] --END-- [ RunTime:0.000000s ]

[ 2016-08-25T13:50:20+08:00 ] 119.118.70.56 /Index
INFO: [ route_check ] --START--
INFO: CheckRoute Behavior ::run [ RunTime:0.000000s ]
INFO: [ route_check ] --END-- [ RunTime:0.000000s ]
INFO: [ app_begin ] --START--
INFO: ReadHtmlCache Behavior ::run [ RunTime:0.000000s ]
INFO: CheckLang Behavior ::run [ RunTime:0.015645s ]
INFO: [ app_begin ] --END-- [ RunTime:0.015645s ]
NOTIC: [8] Undefined index: cm C:\jywz\Modules\Home\Action\IndexAction.class.php 第 5 行.
SQL: select * from yhb where yhzh='li309263754' [ RunTime:0.000000s ]
SQL: select * from yhb where yhzh <> 'li309263754' limit 0,5 [ RunTime:0.000000s ]
INFO: [ view_parse ] --START--
INFO: ParseTemplate Behavior ::run [ RunTime:0.046934s ]
INFO: [ view_parse ] --END-- [ RunTime:0.046934s ]
INFO: [ view_filter ] --START--
INFO: ContentReplace Behavior ::run [ RunTime:0.015645s ]
INFO: TokenBuild Behavior ::run [ RunTime:0.000000s ]
INFO: WriteHtmlCache Behavior ::run [ RunTime:0.000000s ]
INFO: ShowRuntime Behavior ::run [ RunTime:0.000000s ]
INFO: [ view_filter ] --END-- [ RunTime:0.015645s ]
INFO: [ view_end ] --START--
INFO: ShowPageTrace Behavior ::run [ RunTime:0.000000s ]
INFO: [ view_end ] --END-- [ RunTime:0.000000s ]

[ 2016-08-25T13:50:21+08:00 ] 119.118.70.56 /Shouye
INFO: [ route_check ] --START--
INFO: CheckRoute Behavior ::run [ RunTime:0.000000s ]
INFO: [ route_check ] --END-- [ RunTime:0.000000s ]
INFO: [ app_begin ] --START--
INFO: ReadHtmlCache Behavior ::run [ RunTime:0.000000s ]
INFO: CheckLang Behavior ::run [ RunTime:0.031289s ]
INFO: [ app_begin ] --END-- [ RunTime:0.031289s ]
SQL: select * from yhb where yhzh='li309263754' [ RunTime:0.000000s ]
SQL: SHOW COLUMNS FROM `yhb` [ RunTime:0.031290s ]
SQL: SELECT COUNT(*) AS tp_count FROM `yhb` LIMIT 1   [ RunTime:0.015644s ]
SQL: SELECT * FROM `yhb` WHERE ( yhzh <> 'li309263754' ) LIMIT 0,12   [ RunTime:0.000000s ]
INFO: [ view_parse ] --START--
INFO: ParseTemplate Behavior ::run [ RunTime:0.031290s ]
INFO: [ view_parse ] --END-- [ RunTime:0.031290s ]
INFO: [ view_filter ] --START--
INFO: ContentReplace Behavior ::run [ RunTime:0.015644s ]
INFO: TokenBuild Behavior ::run [ RunTime:0.000000s ]
INFO: WriteHtmlCache Behavior ::run [ RunTime:0.000000s ]
INFO: ShowRuntime Behavior ::run [ RunTime:0.000000s ]
INFO: [ view_filter ] --END-- [ RunTime:0.015644s ]
INFO: [ view_end ] --START--
INFO: ShowPageTrace Behavior ::run [ RunTime:0.000000s ]
INFO: [ view_end ] --END-- [ RunTime:0.000000s ]

[ 2016-08-25T13:50:24+08:00 ] 119.118.70.56 /Haoyouzhuye/index/yhid/8
INFO: [ route_check ] --START--
INFO: CheckRoute Behavior ::run [ RunTime:0.015645s ]
INFO: [ route_check ] --END-- [ RunTime:0.015645s ]
INFO: [ app_begin ] --START--
INFO: ReadHtmlCache Behavior ::run [ RunTime:0.000000s ]
INFO: CheckLang Behavior ::run [ RunTime:0.015644s ]
INFO: [ app_begin ] --END-- [ RunTime:0.015644s ]
SQL: SHOW COLUMNS FROM `yhb` [ RunTime:0.031290s ]
SQL: SELECT * FROM `yhb` WHERE ( yhid='8' )  [ RunTime:0.000000s ]
SQL: select * from yhb where yhzh <> 'li309263754' limit 0,5 [ RunTime:0.000000s ]
INFO: [ view_parse ] --START--
INFO: ParseTemplate Behavior ::run [ RunTime:0.062579s ]
INFO: [ view_parse ] --END-- [ RunTime:0.062579s ]
INFO: [ view_filter ] --START--
INFO: ContentReplace Behavior ::run [ RunTime:0.000000s ]
INFO: TokenBuild Behavior ::run [ RunTime:0.000000s ]
INFO: WriteHtmlCache Behavior ::run [ RunTime:0.000000s ]
INFO: ShowRuntime Behavior ::run [ RunTime:0.000000s ]
INFO: [ view_filter ] --END-- [ RunTime:0.000000s ]
INFO: [ view_end ] --START--
INFO: ShowPageTrace Behavior ::run [ RunTime:0.000000s ]
INFO: [ view_end ] --END-- [ RunTime:0.000000s ]

[ 2016-08-25T13:50:24+08:00 ] 119.118.70.56 /Haoyouzhuye/hykj/yhid/8
INFO: [ route_check ] --START--
INFO: CheckRoute Behavior ::run [ RunTime:0.000000s ]
INFO: [ route_check ] --END-- [ RunTime:0.000000s ]
INFO: [ app_begin ] --START--
INFO: ReadHtmlCache Behavior ::run [ RunTime:0.000000s ]
INFO: CheckLang Behavior ::run [ RunTime:0.000000s ]
INFO: [ app_begin ] --END-- [ RunTime:0.000000s ]
SQL: SHOW COLUMNS FROM `yhb` [ RunTime:0.031290s ]
SQL: SELECT * FROM `yhb` WHERE ( yhid='8' )  [ RunTime:0.015644s ]
SQL: select * from xcxq where yhzh='Anny007'  order by scsj desc limit 0,4  [ RunTime:0.000000s ]
SQL: select * from rizhi where yhzh='Anny007' and rzqx <> '自己可见'  order by scsj desc limit 0,1  [ RunTime:0.031290s ]
SQL: select * from liuyan where yhzh='Anny007' order by lysj desc limit 0,1  [ RunTime:0.000000s ]
INFO: [ view_parse ] --START--
NOTIC: [8] Undefined offset: 0 C:\jywz\Runtime\Cache\Home\7d60babf48f7ab41af58e38f3863bef3.php 第 21 行.
NOTIC: [8] Undefined offset: 0 C:\jywz\Runtime\Cache\Home\7d60babf48f7ab41af58e38f3863bef3.php 第 21 行.
NOTIC: [8] Undefined offset: 0 C:\jywz\Runtime\Cache\Home\7d60babf48f7ab41af58e38f3863bef3.php 第 27 行.
NOTIC: [8] Undefined offset: 0 C:\jywz\Runtime\Cache\Home\7d60babf48f7ab41af58e38f3863bef3.php 第 27 行.
INFO: ParseTemplate Behavior ::run [ RunTime:0.046934s ]
INFO: [ view_parse ] --END-- [ RunTime:0.046934s ]
INFO: [ view_filter ] --START--
INFO: ContentReplace Behavior ::run [ RunTime:0.000000s ]
INFO: TokenBuild Behavior ::run [ RunTime:0.000000s ]
INFO: WriteHtmlCache Behavior ::run [ RunTime:0.000000s ]
INFO: ShowRuntime Behavior ::run [ RunTime:0.000000s ]
INFO: [ view_filter ] --END-- [ RunTime:0.000000s ]
INFO: [ view_end ] --START--
INFO: ShowPageTrace Behavior ::run [ RunTime:0.000000s ]
INFO: [ view_end ] --END-- [ RunTime:0.000000s ]

[ 2016-08-25T13:50:26+08:00 ] 119.118.70.56 /Haoyouzhuye/czzx/yhzh/Anny007
INFO: [ route_check ] --START--
INFO: CheckRoute Behavior ::run [ RunTime:0.000000s ]
INFO: [ route_check ] --END-- [ RunTime:0.000000s ]
INFO: [ app_begin ] --START--
INFO: ReadHtmlCache Behavior ::run [ RunTime:0.000000s ]
INFO: CheckLang Behavior ::run [ RunTime:0.000000s ]
INFO: [ app_begin ] --END-- [ RunTime:0.000000s ]
SQL: SHOW COLUMNS FROM `yhb` [ RunTime:0.000000s ]
SQL: SELECT * FROM `yhb` WHERE ( yhzh='li309263754' )  [ RunTime:0.015645s ]
SQL: SHOW COLUMNS FROM `pengyou` [ RunTime:0.015644s ]
SQL: SELECT * FROM `pengyou` WHERE ( yhzh='li309263754' )  [ RunTime:0.000000s ]
INFO: [ view_parse ] --START--
INFO: ParseTemplate Behavior ::run [ RunTime:0.046935s ]
INFO: [ view_parse ] --END-- [ RunTime:0.046935s ]
INFO: [ view_filter ] --START--
INFO: ContentReplace Behavior ::run [ RunTime:0.000000s ]
INFO: TokenBuild Behavior ::run [ RunTime:0.000000s ]
INFO: WriteHtmlCache Behavior ::run [ RunTime:0.031289s ]
INFO: ShowRuntime Behavior ::run [ RunTime:0.000000s ]
INFO: [ view_filter ] --END-- [ RunTime:0.031289s ]
INFO: [ view_end ] --START--
INFO: ShowPageTrace Behavior ::run [ RunTime:0.000000s ]
INFO: [ view_end ] --END-- [ RunTime:0.000000s ]

[ 2016-08-25T13:50:29+08:00 ] 101.226.125.16 /Kby1?tx=55W65375R9431713S&st=Completed&amt=100.00&cc=USD&cm=1472104017&item_number=
INFO: [ route_check ] --START--
INFO: CheckRoute Behavior ::run [ RunTime:0.015645s ]
INFO: [ route_check ] --END-- [ RunTime:0.015645s ]
INFO: [ app_begin ] --START--
INFO: ReadHtmlCache Behavior ::run [ RunTime:0.000000s ]
INFO: CheckLang Behavior ::run [ RunTime:0.015645s ]
INFO: [ app_begin ] --END-- [ RunTime:0.015645s ]

[ 2016-08-25T13:50:30+08:00 ] 101.226.125.16 /Home/Login/index.html
INFO: [ route_check ] --START--
INFO: CheckRoute Behavior ::run [ RunTime:0.000000s ]
INFO: [ route_check ] --END-- [ RunTime:0.000000s ]
INFO: [ app_begin ] --START--
INFO: ReadHtmlCache Behavior ::run [ RunTime:0.000000s ]
INFO: CheckLang Behavior ::run [ RunTime:0.000000s ]
INFO: [ app_begin ] --END-- [ RunTime:0.000000s ]
SQL: SHOW COLUMNS FROM `yhb` [ RunTime:0.015645s ]
SQL: SELECT * FROM `yhb`  [ RunTime:0.015645s ]
INFO: [ view_parse ] --START--
INFO: ParseTemplate Behavior ::run [ RunTime:0.062579s ]
INFO: [ view_parse ] --END-- [ RunTime:0.062579s ]
INFO: [ view_filter ] --START--
INFO: ContentReplace Behavior ::run [ RunTime:0.000000s ]
INFO: TokenBuild Behavior ::run [ RunTime:0.031289s ]
INFO: WriteHtmlCache Behavior ::run [ RunTime:0.000000s ]
INFO: ShowRuntime Behavior ::run [ RunTime:0.000000s ]
INFO: [ view_filter ] --END-- [ RunTime:0.031289s ]
INFO: [ view_end ] --START--
INFO: ShowPageTrace Behavior ::run [ RunTime:0.000000s ]
INFO: [ view_end ] --END-- [ RunTime:0.000000s ]

[ 2016-08-25T13:53:24+08:00 ] 61.151.226.189 /Haoyouzhuye/hykj/yhid/8
INFO: [ route_check ] --START--
INFO: CheckRoute Behavior ::run [ RunTime:0.015668s ]
INFO: [ route_check ] --END-- [ RunTime:0.015668s ]
INFO: [ app_begin ] --START--
INFO: ReadHtmlCache Behavior ::run [ RunTime:0.000000s ]
INFO: CheckLang Behavior ::run [ RunTime:0.015668s ]
INFO: [ app_begin ] --END-- [ RunTime:0.031336s ]

[ 2016-08-25T13:53:24+08:00 ] 61.151.226.189 /Home/Login/index.html
INFO: [ route_check ] --START--
INFO: CheckRoute Behavior ::run [ RunTime:0.000000s ]
INFO: [ route_check ] --END-- [ RunTime:0.000000s ]
INFO: [ app_begin ] --START--
INFO: ReadHtmlCache Behavior ::run [ RunTime:0.000000s ]
INFO: CheckLang Behavior ::run [ RunTime:0.000000s ]
INFO: [ app_begin ] --END-- [ RunTime:0.000000s ]
SQL: SHOW COLUMNS FROM `yhb` [ RunTime:0.000000s ]
SQL: SELECT * FROM `yhb`  [ RunTime:0.000000s ]
INFO: [ view_parse ] --START--
INFO: ParseTemplate Behavior ::run [ RunTime:0.031336s ]
INFO: [ view_parse ] --END-- [ RunTime:0.031336s ]
INFO: [ view_filter ] --START--
INFO: ContentReplace Behavior ::run [ RunTime:0.000000s ]
INFO: TokenBuild Behavior ::run [ RunTime:0.015669s ]
INFO: WriteHtmlCache Behavior ::run [ RunTime:0.000000s ]
INFO: ShowRuntime Behavior ::run [ RunTime:0.015668s ]
INFO: [ view_filter ] --END-- [ RunTime:0.031337s ]
INFO: [ view_end ] --START--
INFO: ShowPageTrace Behavior ::run [ RunTime:0.000000s ]
INFO: [ view_end ] --END-- [ RunTime:0.000000s ]

[ 2016-08-25T13:53:27+08:00 ] 101.226.33.200 /Kby1?tx=16D98643MX137104G&st=Completed&amt=200.00&cc=USD&cm=1472104189&item_number=
INFO: [ route_check ] --START--
INFO: CheckRoute Behavior ::run [ RunTime:0.015668s ]
INFO: [ route_check ] --END-- [ RunTime:0.015668s ]
INFO: [ app_begin ] --START--
INFO: ReadHtmlCache Behavior ::run [ RunTime:0.000000s ]
INFO: CheckLang Behavior ::run [ RunTime:0.000000s ]
INFO: [ app_begin ] --END-- [ RunTime:0.000000s ]

[ 2016-08-25T13:53:27+08:00 ] 101.226.33.200 /Home/Login/index.html
INFO: [ route_check ] --START--
INFO: CheckRoute Behavior ::run [ RunTime:0.000000s ]
INFO: [ route_check ] --END-- [ RunTime:0.000000s ]
INFO: [ app_begin ] --START--
INFO: ReadHtmlCache Behavior ::run [ RunTime:0.000000s ]
INFO: CheckLang Behavior ::run [ RunTime:0.000000s ]
INFO: [ app_begin ] --END-- [ RunTime:0.000000s ]
SQL: SHOW COLUMNS FROM `yhb` [ RunTime:0.000000s ]
SQL: SELECT * FROM `yhb`  [ RunTime:0.000000s ]
INFO: [ view_parse ] --START--
INFO: ParseTemplate Behavior ::run [ RunTime:0.015668s ]
INFO: [ view_parse ] --END-- [ RunTime:0.015668s ]
INFO: [ view_filter ] --START--
INFO: ContentReplace Behavior ::run [ RunTime:0.031336s ]
INFO: TokenBuild Behavior ::run [ RunTime:0.000000s ]
INFO: WriteHtmlCache Behavior ::run [ RunTime:0.000000s ]
INFO: ShowRuntime Behavior ::run [ RunTime:0.000000s ]
INFO: [ view_filter ] --END-- [ RunTime:0.031336s ]
INFO: [ view_end ] --START--
INFO: ShowPageTrace Behavior ::run [ RunTime:0.000000s ]
INFO: [ view_end ] --END-- [ RunTime:0.000000s ]

[ 2016-08-25T13:53:28+08:00 ] 180.153.214.181 /Kby1?tx=16D98643MX137104G&st=Completed&amt=200.00&cc=USD&cm=1472104189&item_number=
INFO: [ route_check ] --START--
INFO: CheckRoute Behavior ::run [ RunTime:0.000000s ]
INFO: [ route_check ] --END-- [ RunTime:0.000000s ]
INFO: [ app_begin ] --START--
INFO: ReadHtmlCache Behavior ::run [ RunTime:0.000000s ]
INFO: CheckLang Behavior ::run [ RunTime:0.000000s ]
INFO: [ app_begin ] --END-- [ RunTime:0.000000s ]

[ 2016-08-25T13:53:28+08:00 ] 180.153.214.181 /Home/Login/index.html
INFO: [ route_check ] --START--
INFO: CheckRoute Behavior ::run [ RunTime:0.000000s ]
INFO: [ route_check ] --END-- [ RunTime:0.000000s ]
INFO: [ app_begin ] --START--
INFO: ReadHtmlCache Behavior ::run [ RunTime:0.000000s ]
INFO: CheckLang Behavior ::run [ RunTime:0.000000s ]
INFO: [ app_begin ] --END-- [ RunTime:0.000000s ]
SQL: SHOW COLUMNS FROM `yhb` [ RunTime:0.000000s ]
SQL: SELECT * FROM `yhb`  [ RunTime:0.000000s ]
INFO: [ view_parse ] --START--
INFO: ParseTemplate Behavior ::run [ RunTime:0.031336s ]
INFO: [ view_parse ] --END-- [ RunTime:0.047004s ]
INFO: [ view_filter ] --START--
INFO: ContentReplace Behavior ::run [ RunTime:0.000000s ]
INFO: TokenBuild Behavior ::run [ RunTime:0.000000s ]
INFO: WriteHtmlCache Behavior ::run [ RunTime:0.000000s ]
INFO: ShowRuntime Behavior ::run [ RunTime:0.000000s ]
INFO: [ view_filter ] --END-- [ RunTime:0.000000s ]
INFO: [ view_end ] --START--
INFO: ShowPageTrace Behavior ::run [ RunTime:0.000000s ]
INFO: [ view_end ] --END-- [ RunTime:0.000000s ]

[ 2016-08-25T13:53:28+08:00 ] 180.153.214.200 /Kby1?tx=16D98643MX137104G&st=Completed&amt=200.00&cc=USD&cm=1472104189&item_number=
INFO: [ route_check ] --START--
INFO: CheckRoute Behavior ::run [ RunTime:0.000000s ]
INFO: [ route_check ] --END-- [ RunTime:0.000000s ]
INFO: [ app_begin ] --START--
INFO: ReadHtmlCache Behavior ::run [ RunTime:0.000000s ]
INFO: CheckLang Behavior ::run [ RunTime:0.000000s ]
INFO: [ app_begin ] --END-- [ RunTime:0.000000s ]

[ 2016-08-25T13:53:29+08:00 ] 180.153.214.200 /Home/Login/index.html
INFO: [ route_check ] --START--
INFO: CheckRoute Behavior ::run [ RunTime:0.000000s ]
INFO: [ route_check ] --END-- [ RunTime:0.000000s ]
INFO: [ app_begin ] --START--
INFO: ReadHtmlCache Behavior ::run [ RunTime:0.000000s ]
INFO: CheckLang Behavior ::run [ RunTime:0.000000s ]
INFO: [ app_begin ] --END-- [ RunTime:0.000000s ]
SQL: SHOW COLUMNS FROM `yhb` [ RunTime:0.000000s ]
SQL: SELECT * FROM `yhb`  [ RunTime:0.000000s ]
INFO: [ view_parse ] --START--
INFO: ParseTemplate Behavior ::run [ RunTime:0.031336s ]
INFO: [ view_parse ] --END-- [ RunTime:0.031336s ]
INFO: [ view_filter ] --START--
INFO: ContentReplace Behavior ::run [ RunTime:0.000000s ]
INFO: TokenBuild Behavior ::run [ RunTime:0.000000s ]
INFO: WriteHtmlCache Behavior ::run [ RunTime:0.015668s ]
INFO: ShowRuntime Behavior ::run [ RunTime:0.000000s ]
INFO: [ view_filter ] --END-- [ RunTime:0.015668s ]
INFO: [ view_end ] --START--
INFO: ShowPageTrace Behavior ::run [ RunTime:0.000000s ]
INFO: [ view_end ] --END-- [ RunTime:0.000000s ]

[ 2016-08-25T13:53:31+08:00 ] 61.151.218.119 /Haoyouzhuye/czzx/yhzh/Anny007
INFO: [ route_check ] --START--
INFO: CheckRoute Behavior ::run [ RunTime:0.000000s ]
INFO: [ route_check ] --END-- [ RunTime:0.000000s ]
INFO: [ app_begin ] --START--
INFO: ReadHtmlCache Behavior ::run [ RunTime:0.000000s ]
INFO: CheckLang Behavior ::run [ RunTime:0.015668s ]
INFO: [ app_begin ] --END-- [ RunTime:0.015668s ]

[ 2016-08-25T13:53:31+08:00 ] 61.151.218.119 /Home/Login/index.html
INFO: [ route_check ] --START--
INFO: CheckRoute Behavior ::run [ RunTime:0.000000s ]
INFO: [ route_check ] --END-- [ RunTime:0.000000s ]
INFO: [ app_begin ] --START--
INFO: ReadHtmlCache Behavior ::run [ RunTime:0.015668s ]
INFO: CheckLang Behavior ::run [ RunTime:0.000000s ]
INFO: [ app_begin ] --END-- [ RunTime:0.015668s ]
SQL: SHOW COLUMNS FROM `yhb` [ RunTime:0.000000s ]
SQL: SELECT * FROM `yhb`  [ RunTime:0.000000s ]
INFO: [ view_parse ] --START--
INFO: ParseTemplate Behavior ::run [ RunTime:0.062673s ]
INFO: [ view_parse ] --END-- [ RunTime:0.062673s ]
INFO: [ view_filter ] --START--
INFO: ContentReplace Behavior ::run [ RunTime:0.000000s ]
INFO: TokenBuild Behavior ::run [ RunTime:0.000000s ]
INFO: WriteHtmlCache Behavior ::run [ RunTime:0.000000s ]
INFO: ShowRuntime Behavior ::run [ RunTime:0.000000s ]
INFO: [ view_filter ] --END-- [ RunTime:0.000000s ]
INFO: [ view_end ] --START--
INFO: ShowPageTrace Behavior ::run [ RunTime:0.000000s ]
INFO: [ view_end ] --END-- [ RunTime:0.000000s ]

[ 2016-08-25T13:58:35+08:00 ] 119.118.70.56 /Chongzhi
INFO: [ route_check ] --START--
INFO: CheckRoute Behavior ::run [ RunTime:0.000000s ]
INFO: [ route_check ] --END-- [ RunTime:0.000000s ]
INFO: [ app_begin ] --START--
INFO: ReadHtmlCache Behavior ::run [ RunTime:0.000000s ]
INFO: CheckLang Behavior ::run [ RunTime:0.000000s ]
INFO: [ app_begin ] --END-- [ RunTime:0.000000s ]
SQL: SHOW COLUMNS FROM `yhb` [ RunTime:0.000000s ]
SQL: SELECT * FROM `yhb` WHERE ( yhzh='li309263754' )  [ RunTime:0.000000s ]
SQL: SHOW COLUMNS FROM `pengyou` [ RunTime:0.015667s ]
SQL: SELECT * FROM `pengyou` WHERE ( yhzh='li309263754' )  [ RunTime:0.000000s ]
INFO: [ view_parse ] --START--
INFO: ParseTemplate Behavior ::run [ RunTime:0.046999s ]
INFO: [ view_parse ] --END-- [ RunTime:0.046999s ]
INFO: [ view_filter ] --START--
INFO: ContentReplace Behavior ::run [ RunTime:0.000000s ]
INFO: TokenBuild Behavior ::run [ RunTime:0.000000s ]
INFO: WriteHtmlCache Behavior ::run [ RunTime:0.000000s ]
INFO: ShowRuntime Behavior ::run [ RunTime:0.015666s ]
INFO: [ view_filter ] --END-- [ RunTime:0.015666s ]
INFO: [ view_end ] --START--
INFO: ShowPageTrace Behavior ::run [ RunTime:0.000000s ]
INFO: [ view_end ] --END-- [ RunTime:0.000000s ]

[ 2016-08-25T13:58:50+08:00 ] 119.118.70.56 /Chongzhi
INFO: [ route_check ] --START--
INFO: CheckRoute Behavior ::run [ RunTime:0.000000s ]
INFO: [ route_check ] --END-- [ RunTime:0.000000s ]
INFO: [ app_begin ] --START--
INFO: ReadHtmlCache Behavior ::run [ RunTime:0.000000s ]
INFO: CheckLang Behavior ::run [ RunTime:0.000000s ]
INFO: [ app_begin ] --END-- [ RunTime:0.015669s ]
SQL: SHOW COLUMNS FROM `yhb` [ RunTime:0.000000s ]
SQL: SELECT * FROM `yhb` WHERE ( yhzh='li309263754' )  [ RunTime:0.000000s ]
SQL: SHOW COLUMNS FROM `pengyou` [ RunTime:0.031337s ]
SQL: SELECT * FROM `pengyou` WHERE ( yhzh='li309263754' )  [ RunTime:0.000000s ]
INFO: [ view_parse ] --START--
INFO: ParseTemplate Behavior ::run [ RunTime:0.078342s ]
INFO: [ view_parse ] --END-- [ RunTime:0.078342s ]
INFO: [ view_filter ] --START--
INFO: ContentReplace Behavior ::run [ RunTime:0.000000s ]
INFO: TokenBuild Behavior ::run [ RunTime:0.000000s ]
INFO: WriteHtmlCache Behavior ::run [ RunTime:0.000000s ]
INFO: ShowRuntime Behavior ::run [ RunTime:0.000000s ]
INFO: [ view_filter ] --END-- [ RunTime:0.000000s ]
INFO: [ view_end ] --START--
INFO: ShowPageTrace Behavior ::run [ RunTime:0.000000s ]
INFO: [ view_end ] --END-- [ RunTime:0.000000s ]

[ 2016-08-25T14:01:47+08:00 ] 119.118.70.56 /Haoyouzhuye/index/yhid/9
INFO: [ route_check ] --START--
INFO: CheckRoute Behavior ::run [ RunTime:0.000000s ]
INFO: [ route_check ] --END-- [ RunTime:0.000000s ]
INFO: [ app_begin ] --START--
INFO: ReadHtmlCache Behavior ::run [ RunTime:0.000000s ]
INFO: CheckLang Behavior ::run [ RunTime:0.000000s ]
INFO: [ app_begin ] --END-- [ RunTime:0.000000s ]
SQL: SHOW COLUMNS FROM `yhb` [ RunTime:0.015661s ]
SQL: SELECT * FROM `yhb` WHERE ( yhid='9' )  [ RunTime:0.000000s ]
SQL: select * from yhb where yhzh <> 'li309263754' limit 0,5 [ RunTime:0.000000s ]
INFO: [ view_parse ] --START--
INFO: ParseTemplate Behavior ::run [ RunTime:0.093969s ]
INFO: [ view_parse ] --END-- [ RunTime:0.093969s ]
INFO: [ view_filter ] --START--
INFO: ContentReplace Behavior ::run [ RunTime:0.000000s ]
INFO: TokenBuild Behavior ::run [ RunTime:0.000000s ]
INFO: WriteHtmlCache Behavior ::run [ RunTime:0.000000s ]
INFO: ShowRuntime Behavior ::run [ RunTime:0.000000s ]
INFO: [ view_filter ] --END-- [ RunTime:0.000000s ]
INFO: [ view_end ] --START--
INFO: ShowPageTrace Behavior ::run [ RunTime:0.000000s ]
INFO: [ view_end ] --END-- [ RunTime:0.000000s ]

[ 2016-08-25T14:01:48+08:00 ] 119.118.70.56 /Haoyouzhuye/hykj/yhid/9
INFO: [ route_check ] --START--
INFO: CheckRoute Behavior ::run [ RunTime:0.015662s ]
INFO: [ route_check ] --END-- [ RunTime:0.015662s ]
INFO: [ app_begin ] --START--
INFO: ReadHtmlCache Behavior ::run [ RunTime:0.000000s ]
INFO: CheckLang Behavior ::run [ RunTime:0.000000s ]
INFO: [ app_begin ] --END-- [ RunTime:0.000000s ]
SQL: SHOW COLUMNS FROM `yhb` [ RunTime:0.000000s ]
SQL: SELECT * FROM `yhb` WHERE ( yhid='9' )  [ RunTime:0.015662s ]
SQL: select * from xcxq where yhzh='jonyer'  order by scsj desc limit 0,4  [ RunTime:0.000000s ]
SQL: select * from rizhi where yhzh='jonyer' and rzqx <> '自己可见'  order by scsj desc limit 0,1  [ RunTime:0.000000s ]
SQL: select * from liuyan where yhzh='jonyer' order by lysj desc limit 0,1  [ RunTime:0.000000s ]
INFO: [ view_parse ] --START--
NOTIC: [8] Undefined offset: 0 C:\jywz\Runtime\Cache\Home\7d60babf48f7ab41af58e38f3863bef3.php 第 27 行.
NOTIC: [8] Undefined offset: 0 C:\jywz\Runtime\Cache\Home\7d60babf48f7ab41af58e38f3863bef3.php 第 27 行.
INFO: ParseTemplate Behavior ::run [ RunTime:0.046984s ]
INFO: [ view_parse ] --END-- [ RunTime:0.046984s ]
INFO: [ view_filter ] --START--
INFO: ContentReplace Behavior ::run [ RunTime:0.000000s ]
INFO: TokenBuild Behavior ::run [ RunTime:0.000000s ]
INFO: WriteHtmlCache Behavior ::run [ RunTime:0.000000s ]
INFO: ShowRuntime Behavior ::run [ RunTime:0.000000s ]
INFO: [ view_filter ] --END-- [ RunTime:0.000000s ]
INFO: [ view_end ] --START--
INFO: ShowPageTrace Behavior ::run [ RunTime:0.000000s ]
INFO: [ view_end ] --END-- [ RunTime:0.000000s ]

[ 2016-08-25T14:01:51+08:00 ] 119.118.70.56 /Haoyouzhuye/czzx/yhzh/jonyer
INFO: [ route_check ] --START--
INFO: CheckRoute Behavior ::run [ RunTime:0.000000s ]
INFO: [ route_check ] --END-- [ RunTime:0.000000s ]
INFO: [ app_begin ] --START--
INFO: ReadHtmlCache Behavior ::run [ RunTime:0.000000s ]
INFO: CheckLang Behavior ::run [ RunTime:0.031323s ]
INFO: [ app_begin ] --END-- [ RunTime:0.031323s ]
SQL: SHOW COLUMNS FROM `yhb` [ RunTime:0.015661s ]
SQL: SELECT * FROM `yhb` WHERE ( yhzh='li309263754' )  [ RunTime:0.000000s ]
SQL: SHOW COLUMNS FROM `pengyou` [ RunTime:0.015662s ]
SQL: SELECT * FROM `pengyou` WHERE ( yhzh='li309263754' )  [ RunTime:0.000000s ]
INFO: [ view_parse ] --START--
INFO: ParseTemplate Behavior ::run [ RunTime:0.015661s ]
INFO: [ view_parse ] --END-- [ RunTime:0.015661s ]
INFO: [ view_filter ] --START--
INFO: ContentReplace Behavior ::run [ RunTime:0.031323s ]
INFO: TokenBuild Behavior ::run [ RunTime:0.000000s ]
INFO: WriteHtmlCache Behavior ::run [ RunTime:0.031323s ]
INFO: ShowRuntime Behavior ::run [ RunTime:0.000000s ]
INFO: [ view_filter ] --END-- [ RunTime:0.062646s ]
INFO: [ view_end ] --START--
INFO: ShowPageTrace Behavior ::run [ RunTime:0.000000s ]
INFO: [ view_end ] --END-- [ RunTime:0.000000s ]

[ 2016-08-25T14:02:03+08:00 ] 119.118.70.56 /Haoyouzhuye/czzx/yhzh/jonyer
INFO: [ route_check ] --START--
INFO: CheckRoute Behavior ::run [ RunTime:0.015660s ]
INFO: [ route_check ] --END-- [ RunTime:0.015660s ]
INFO: [ app_begin ] --START--
INFO: ReadHtmlCache Behavior ::run [ RunTime:0.000000s ]
INFO: CheckLang Behavior ::run [ RunTime:0.000000s ]
INFO: [ app_begin ] --END-- [ RunTime:0.000000s ]
SQL: SHOW COLUMNS FROM `yhb` [ RunTime:0.109622s ]
SQL: SELECT * FROM `yhb` WHERE ( yhzh='li309263754' )  [ RunTime:0.000000s ]
SQL: SHOW COLUMNS FROM `pengyou` [ RunTime:0.000000s ]
SQL: SELECT * FROM `pengyou` WHERE ( yhzh='li309263754' )  [ RunTime:0.000000s ]
INFO: [ view_parse ] --START--
INFO: ParseTemplate Behavior ::run [ RunTime:0.078302s ]
INFO: [ view_parse ] --END-- [ RunTime:0.078302s ]
INFO: [ view_filter ] --START--
INFO: ContentReplace Behavior ::run [ RunTime:0.000000s ]
INFO: TokenBuild Behavior ::run [ RunTime:0.000000s ]
INFO: WriteHtmlCache Behavior ::run [ RunTime:0.000000s ]
INFO: ShowRuntime Behavior ::run [ RunTime:0.000000s ]
INFO: [ view_filter ] --END-- [ RunTime:0.000000s ]
INFO: [ view_end ] --START--
INFO: ShowPageTrace Behavior ::run [ RunTime:0.000000s ]
INFO: [ view_end ] --END-- [ RunTime:0.000000s ]

[ 2016-08-25T14:04:55+08:00 ] 101.226.79.182 /Haoyouzhuye/hykj/yhid/9
INFO: [ route_check ] --START--
INFO: CheckRoute Behavior ::run [ RunTime:0.000000s ]
INFO: [ route_check ] --END-- [ RunTime:0.000000s ]
INFO: [ app_begin ] --START--
INFO: ReadHtmlCache Behavior ::run [ RunTime:0.000000s ]
INFO: CheckLang Behavior ::run [ RunTime:0.015669s ]
INFO: [ app_begin ] --END-- [ RunTime:0.015669s ]

[ 2016-08-25T14:04:56+08:00 ] 101.226.79.182 /Home/Login/index.html
INFO: [ route_check ] --START--
INFO: CheckRoute Behavior ::run [ RunTime:0.000000s ]
INFO: [ route_check ] --END-- [ RunTime:0.000000s ]
INFO: [ app_begin ] --START--
INFO: ReadHtmlCache Behavior ::run [ RunTime:0.000000s ]
INFO: CheckLang Behavior ::run [ RunTime:0.000000s ]
INFO: [ app_begin ] --END-- [ RunTime:0.000000s ]
SQL: SHOW COLUMNS FROM `yhb` [ RunTime:0.062676s ]
SQL: SELECT * FROM `yhb`  [ RunTime:0.000000s ]
INFO: [ view_parse ] --START--
INFO: ParseTemplate Behavior ::run [ RunTime:0.047007s ]
INFO: [ view_parse ] --END-- [ RunTime:0.047007s ]
INFO: [ view_filter ] --START--
INFO: ContentReplace Behavior ::run [ RunTime:0.000000s ]
INFO: TokenBuild Behavior ::run [ RunTime:0.000000s ]
INFO: WriteHtmlCache Behavior ::run [ RunTime:0.000000s ]
INFO: ShowRuntime Behavior ::run [ RunTime:0.000000s ]
INFO: [ view_filter ] --END-- [ RunTime:0.000000s ]
INFO: [ view_end ] --START--
INFO: ShowPageTrace Behavior ::run [ RunTime:0.000000s ]
INFO: [ view_end ] --END-- [ RunTime:0.000000s ]

[ 2016-08-25T14:04:57+08:00 ] 61.151.226.191 /Haoyouzhuye/czzx/yhzh/jonyer
INFO: [ route_check ] --START--
INFO: CheckRoute Behavior ::run [ RunTime:0.000000s ]
INFO: [ route_check ] --END-- [ RunTime:0.000000s ]
INFO: [ app_begin ] --START--
INFO: ReadHtmlCache Behavior ::run [ RunTime:0.000000s ]
INFO: CheckLang Behavior ::run [ RunTime:0.000000s ]
INFO: [ app_begin ] --END-- [ RunTime:0.000000s ]

[ 2016-08-25T14:04:57+08:00 ] 61.151.226.191 /Home/Login/index.html
INFO: [ route_check ] --START--
INFO: CheckRoute Behavior ::run [ RunTime:0.000000s ]
INFO: [ route_check ] --END-- [ RunTime:0.000000s ]
INFO: [ app_begin ] --START--
INFO: ReadHtmlCache Behavior ::run [ RunTime:0.000000s ]
INFO: CheckLang Behavior ::run [ RunTime:0.000000s ]
INFO: [ app_begin ] --END-- [ RunTime:0.000000s ]
SQL: SHOW COLUMNS FROM `yhb` [ RunTime:0.000000s ]
SQL: SELECT * FROM `yhb`  [ RunTime:0.000000s ]
INFO: [ view_parse ] --START--
INFO: ParseTemplate Behavior ::run [ RunTime:0.062675s ]
INFO: [ view_parse ] --END-- [ RunTime:0.062675s ]
INFO: [ view_filter ] --START--
INFO: ContentReplace Behavior ::run [ RunTime:0.000000s ]
INFO: TokenBuild Behavior ::run [ RunTime:0.000000s ]
INFO: WriteHtmlCache Behavior ::run [ RunTime:0.000000s ]
INFO: ShowRuntime Behavior ::run [ RunTime:0.000000s ]
INFO: [ view_filter ] --END-- [ RunTime:0.000000s ]
INFO: [ view_end ] --START--
INFO: ShowPageTrace Behavior ::run [ RunTime:0.000000s ]
INFO: [ view_end ] --END-- [ RunTime:0.000000s ]

[ 2016-08-25T14:04:59+08:00 ] 119.118.70.56 /Index
INFO: [ route_check ] --START--
INFO: CheckRoute Behavior ::run [ RunTime:0.000000s ]
INFO: [ route_check ] --END-- [ RunTime:0.015669s ]
INFO: [ app_begin ] --START--
INFO: ReadHtmlCache Behavior ::run [ RunTime:0.000000s ]
INFO: CheckLang Behavior ::run [ RunTime:0.000000s ]
INFO: [ app_begin ] --END-- [ RunTime:0.000000s ]
NOTIC: [8] Undefined index: cm C:\jywz\Modules\Home\Action\IndexAction.class.php 第 5 行.
SQL: select * from yhb where yhzh='li309263754' [ RunTime:0.000000s ]
SQL: select * from yhb where yhzh <> 'li309263754' limit 0,5 [ RunTime:0.000000s ]
INFO: [ view_parse ] --START--
INFO: ParseTemplate Behavior ::run [ RunTime:0.031338s ]
INFO: [ view_parse ] --END-- [ RunTime:0.031338s ]
INFO: [ view_filter ] --START--
INFO: ContentReplace Behavior ::run [ RunTime:0.015669s ]
INFO: TokenBuild Behavior ::run [ RunTime:0.000000s ]
INFO: WriteHtmlCache Behavior ::run [ RunTime:0.000000s ]
INFO: ShowRuntime Behavior ::run [ RunTime:0.000000s ]
INFO: [ view_filter ] --END-- [ RunTime:0.015669s ]
INFO: [ view_end ] --START--
INFO: ShowPageTrace Behavior ::run [ RunTime:0.000000s ]
INFO: [ view_end ] --END-- [ RunTime:0.000000s ]

[ 2016-08-25T14:05:00+08:00 ] 119.118.70.56 /Shouye
INFO: [ route_check ] --START--
INFO: CheckRoute Behavior ::run [ RunTime:0.000000s ]
INFO: [ route_check ] --END-- [ RunTime:0.000000s ]
INFO: [ app_begin ] --START--
INFO: ReadHtmlCache Behavior ::run [ RunTime:0.015668s ]
INFO: CheckLang Behavior ::run [ RunTime:0.031338s ]
INFO: [ app_begin ] --END-- [ RunTime:0.047006s ]
SQL: select * from yhb where yhzh='li309263754' [ RunTime:0.000000s ]
SQL: SHOW COLUMNS FROM `yhb` [ RunTime:0.015669s ]
SQL: SELECT COUNT(*) AS tp_count FROM `yhb` LIMIT 1   [ RunTime:0.000000s ]
SQL: SELECT * FROM `yhb` WHERE ( yhzh <> 'li309263754' ) LIMIT 0,12   [ RunTime:0.000000s ]
INFO: [ view_parse ] --START--
INFO: ParseTemplate Behavior ::run [ RunTime:0.031338s ]
INFO: [ view_parse ] --END-- [ RunTime:0.031338s ]
INFO: [ view_filter ] --START--
INFO: ContentReplace Behavior ::run [ RunTime:0.000000s ]
INFO: TokenBuild Behavior ::run [ RunTime:0.000000s ]
INFO: WriteHtmlCache Behavior ::run [ RunTime:0.000000s ]
INFO: ShowRuntime Behavior ::run [ RunTime:0.000000s ]
INFO: [ view_filter ] --END-- [ RunTime:0.000000s ]
INFO: [ view_end ] --START--
INFO: ShowPageTrace Behavior ::run [ RunTime:0.000000s ]
INFO: [ view_end ] --END-- [ RunTime:0.000000s ]

[ 2016-08-25T14:05:03+08:00 ] 119.118.70.56 /Chongzhi
INFO: [ route_check ] --START--
INFO: CheckRoute Behavior ::run [ RunTime:0.000000s ]
INFO: [ route_check ] --END-- [ RunTime:0.000000s ]
INFO: [ app_begin ] --START--
INFO: ReadHtmlCache Behavior ::run [ RunTime:0.000000s ]
INFO: CheckLang Behavior ::run [ RunTime:0.000000s ]
INFO: [ app_begin ] --END-- [ RunTime:0.000000s ]
SQL: SHOW COLUMNS FROM `yhb` [ RunTime:0.015669s ]
SQL: SELECT * FROM `yhb` WHERE ( yhzh='li309263754' )  [ RunTime:0.015669s ]
SQL: SHOW COLUMNS FROM `pengyou` [ RunTime:0.015669s ]
SQL: SELECT * FROM `pengyou` WHERE ( yhzh='li309263754' )  [ RunTime:0.000000s ]
INFO: [ view_parse ] --START--
INFO: ParseTemplate Behavior ::run [ RunTime:0.047006s ]
INFO: [ view_parse ] --END-- [ RunTime:0.047006s ]
INFO: [ view_filter ] --START--
INFO: ContentReplace Behavior ::run [ RunTime:0.015669s ]
INFO: TokenBuild Behavior ::run [ RunTime:0.000000s ]
INFO: WriteHtmlCache Behavior ::run [ RunTime:0.000000s ]
INFO: ShowRuntime Behavior ::run [ RunTime:0.000000s ]
INFO: [ view_filter ] --END-- [ RunTime:0.015669s ]
INFO: [ view_end ] --START--
INFO: ShowPageTrace Behavior ::run [ RunTime:0.000000s ]
INFO: [ view_end ] --END-- [ RunTime:0.000000s ]

[ 2016-08-25T14:05:06+08:00 ] 119.118.70.56 /Index
INFO: [ route_check ] --START--
INFO: CheckRoute Behavior ::run [ RunTime:0.000000s ]
INFO: [ route_check ] --END-- [ RunTime:0.000000s ]
INFO: [ app_begin ] --START--
INFO: ReadHtmlCache Behavior ::run [ RunTime:0.000000s ]
INFO: CheckLang Behavior ::run [ RunTime:0.000000s ]
INFO: [ app_begin ] --END-- [ RunTime:0.000000s ]
NOTIC: [8] Undefined index: cm C:\jywz\Modules\Home\Action\IndexAction.class.php 第 5 行.
SQL: select * from yhb where yhzh='li309263754' [ RunTime:0.000000s ]
SQL: select * from yhb where yhzh <> 'li309263754' limit 0,5 [ RunTime:0.000000s ]
INFO: [ view_parse ] --START--
INFO: ParseTemplate Behavior ::run [ RunTime:0.047007s ]
INFO: [ view_parse ] --END-- [ RunTime:0.047007s ]
INFO: [ view_filter ] --START--
INFO: ContentReplace Behavior ::run [ RunTime:0.000000s ]
INFO: TokenBuild Behavior ::run [ RunTime:0.000000s ]
INFO: WriteHtmlCache Behavior ::run [ RunTime:0.000000s ]
INFO: ShowRuntime Behavior ::run [ RunTime:0.000000s ]
INFO: [ view_filter ] --END-- [ RunTime:0.000000s ]
INFO: [ view_end ] --START--
INFO: ShowPageTrace Behavior ::run [ RunTime:0.000000s ]
INFO: [ view_end ] --END-- [ RunTime:0.000000s ]

[ 2016-08-25T14:05:06+08:00 ] 119.118.70.56 /Shouye
INFO: [ route_check ] --START--
INFO: CheckRoute Behavior ::run [ RunTime:0.000000s ]
INFO: [ route_check ] --END-- [ RunTime:0.000000s ]
INFO: [ app_begin ] --START--
INFO: ReadHtmlCache Behavior ::run [ RunTime:0.015669s ]
INFO: CheckLang Behavior ::run [ RunTime:0.000000s ]
INFO: [ app_begin ] --END-- [ RunTime:0.015669s ]
SQL: select * from yhb where yhzh='li309263754' [ RunTime:0.000000s ]
SQL: SHOW COLUMNS FROM `yhb` [ RunTime:0.000000s ]
SQL: SELECT COUNT(*) AS tp_count FROM `yhb` LIMIT 1   [ RunTime:0.000000s ]
SQL: SELECT * FROM `yhb` WHERE ( yhzh <> 'li309263754' ) LIMIT 0,12   [ RunTime:0.000000s ]
INFO: [ view_parse ] --START--
INFO: ParseTemplate Behavior ::run [ RunTime:0.031337s ]
INFO: [ view_parse ] --END-- [ RunTime:0.031337s ]
INFO: [ view_filter ] --START--
INFO: ContentReplace Behavior ::run [ RunTime:0.000000s ]
INFO: TokenBuild Behavior ::run [ RunTime:0.000000s ]
INFO: WriteHtmlCache Behavior ::run [ RunTime:0.000000s ]
INFO: ShowRuntime Behavior ::run [ RunTime:0.000000s ]
INFO: [ view_filter ] --END-- [ RunTime:0.000000s ]
INFO: [ view_end ] --START--
INFO: ShowPageTrace Behavior ::run [ RunTime:0.000000s ]
INFO: [ view_end ] --END-- [ RunTime:0.000000s ]

[ 2016-08-25T14:05:07+08:00 ] 119.118.70.56 /Chongzhi
INFO: [ route_check ] --START--
INFO: CheckRoute Behavior ::run [ RunTime:0.015668s ]
INFO: [ route_check ] --END-- [ RunTime:0.015668s ]
INFO: [ app_begin ] --START--
INFO: ReadHtmlCache Behavior ::run [ RunTime:0.015669s ]
INFO: CheckLang Behavior ::run [ RunTime:0.000000s ]
INFO: [ app_begin ] --END-- [ RunTime:0.015669s ]
SQL: SHOW COLUMNS FROM `yhb` [ RunTime:0.015669s ]
SQL: SELECT * FROM `yhb` WHERE ( yhzh='li309263754' )  [ RunTime:0.000000s ]
SQL: SHOW COLUMNS FROM `pengyou` [ RunTime:0.000000s ]
SQL: SELECT * FROM `pengyou` WHERE ( yhzh='li309263754' )  [ RunTime:0.000000s ]
INFO: [ view_parse ] --START--
INFO: ParseTemplate Behavior ::run [ RunTime:0.031338s ]
INFO: [ view_parse ] --END-- [ RunTime:0.031338s ]
INFO: [ view_filter ] --START--
INFO: ContentReplace Behavior ::run [ RunTime:0.000000s ]
INFO: TokenBuild Behavior ::run [ RunTime:0.000000s ]
INFO: WriteHtmlCache Behavior ::run [ RunTime:0.000000s ]
INFO: ShowRuntime Behavior ::run [ RunTime:0.015668s ]
INFO: [ view_filter ] --END-- [ RunTime:0.031337s ]
INFO: [ view_end ] --START--
INFO: ShowPageTrace Behavior ::run [ RunTime:0.000000s ]
INFO: [ view_end ] --END-- [ RunTime:0.000000s ]

[ 2016-08-25T14:05:55+08:00 ] 119.118.70.56 /Kby1?tx=2NP73731049023944&st=Completed&amt=100%2e00&cc=USD&cm=1472105109&item_number=
INFO: [ route_check ] --START--
INFO: CheckRoute Behavior ::run [ RunTime:0.000000s ]
INFO: [ route_check ] --END-- [ RunTime:0.031328s ]
INFO: [ app_begin ] --START--
INFO: ReadHtmlCache Behavior ::run [ RunTime:0.000000s ]
INFO: CheckLang Behavior ::run [ RunTime:0.000000s ]
INFO: [ app_begin ] --END-- [ RunTime:0.000000s ]
SQL: SHOW COLUMNS FROM `czb` [ RunTime:0.015664s ]
SQL: SELECT * FROM `czb` WHERE ( ddid='1472105109' )  [ RunTime:0.000000s ]
SQL: select * from yhb where yhzh='li309263754' [ RunTime:0.000000s ]
SQL: update yhb set yhjb='600' where yhzh='li309263754' [ RunTime:0.000000s ]
INFO: [ view_parse ] --START--
INFO: ParseTemplate Behavior ::run [ RunTime:0.000000s ]
INFO: [ view_parse ] --END-- [ RunTime:0.000000s ]
INFO: [ view_filter ] --START--
INFO: ContentReplace Behavior ::run [ RunTime:0.000000s ]
INFO: TokenBuild Behavior ::run [ RunTime:0.000000s ]
INFO: WriteHtmlCache Behavior ::run [ RunTime:0.000000s ]
INFO: ShowRuntime Behavior ::run [ RunTime:0.000000s ]
INFO: [ view_filter ] --END-- [ RunTime:0.015664s ]
INFO: [ view_end ] --START--
INFO: ShowPageTrace Behavior ::run [ RunTime:0.031328s ]
INFO: [ view_end ] --END-- [ RunTime:0.031328s ]

[ 2016-08-25T14:05:56+08:00 ] 119.118.70.56 /Index
INFO: [ route_check ] --START--
INFO: CheckRoute Behavior ::run [ RunTime:0.000000s ]
INFO: [ route_check ] --END-- [ RunTime:0.000000s ]
INFO: [ app_begin ] --START--
INFO: ReadHtmlCache Behavior ::run [ RunTime:0.000000s ]
INFO: CheckLang Behavior ::run [ RunTime:0.000000s ]
INFO: [ app_begin ] --END-- [ RunTime:0.000000s ]
NOTIC: [8] Undefined index: cm C:\jywz\Modules\Home\Action\IndexAction.class.php 第 5 行.
SQL: select * from yhb where yhzh='li309263754' [ RunTime:0.000000s ]
SQL: select * from yhb where yhzh <> 'li309263754' limit 0,5 [ RunTime:0.031328s ]
INFO: [ view_parse ] --START--
INFO: ParseTemplate Behavior ::run [ RunTime:0.015664s ]
INFO: [ view_parse ] --END-- [ RunTime:0.015664s ]
INFO: [ view_filter ] --START--
INFO: ContentReplace Behavior ::run [ RunTime:0.000000s ]
INFO: TokenBuild Behavior ::run [ RunTime:0.000000s ]
INFO: WriteHtmlCache Behavior ::run [ RunTime:0.000000s ]
INFO: ShowRuntime Behavior ::run [ RunTime:0.000000s ]
INFO: [ view_filter ] --END-- [ RunTime:0.000000s ]
INFO: [ view_end ] --START--
INFO: ShowPageTrace Behavior ::run [ RunTime:0.000000s ]
INFO: [ view_end ] --END-- [ RunTime:0.000000s ]

[ 2016-08-25T14:05:56+08:00 ] 119.118.70.56 /Shouye
INFO: [ route_check ] --START--
INFO: CheckRoute Behavior ::run [ RunTime:0.000000s ]
INFO: [ route_check ] --END-- [ RunTime:0.000000s ]
INFO: [ app_begin ] --START--
INFO: ReadHtmlCache Behavior ::run [ RunTime:0.000000s ]
INFO: CheckLang Behavior ::run [ RunTime:0.000000s ]
INFO: [ app_begin ] --END-- [ RunTime:0.000000s ]
SQL: select * from yhb where yhzh='li309263754' [ RunTime:0.000000s ]
SQL: SHOW COLUMNS FROM `yhb` [ RunTime:0.000000s ]
SQL: SELECT COUNT(*) AS tp_count FROM `yhb` LIMIT 1   [ RunTime:0.000000s ]
SQL: SELECT * FROM `yhb` WHERE ( yhzh <> 'li309263754' ) LIMIT 0,12   [ RunTime:0.000000s ]
INFO: [ view_parse ] --START--
INFO: ParseTemplate Behavior ::run [ RunTime:0.015664s ]
INFO: [ view_parse ] --END-- [ RunTime:0.015664s ]
INFO: [ view_filter ] --START--
INFO: ContentReplace Behavior ::run [ RunTime:0.000000s ]
INFO: TokenBuild Behavior ::run [ RunTime:0.000000s ]
INFO: WriteHtmlCache Behavior ::run [ RunTime:0.000000s ]
INFO: ShowRuntime Behavior ::run [ RunTime:0.000000s ]
INFO: [ view_filter ] --END-- [ RunTime:0.000000s ]
INFO: [ view_end ] --START--
INFO: ShowPageTrace Behavior ::run [ RunTime:0.000000s ]
INFO: [ view_end ] --END-- [ RunTime:0.000000s ]

[ 2016-08-25T14:06:00+08:00 ] 119.118.70.56 /Index
INFO: [ route_check ] --START--
INFO: CheckRoute Behavior ::run [ RunTime:0.000000s ]
INFO: [ route_check ] --END-- [ RunTime:0.000000s ]
INFO: [ app_begin ] --START--
INFO: ReadHtmlCache Behavior ::run [ RunTime:0.000000s ]
INFO: CheckLang Behavior ::run [ RunTime:0.000000s ]
INFO: [ app_begin ] --END-- [ RunTime:0.000000s ]
NOTIC: [8] Undefined index: cm C:\jywz\Modules\Home\Action\IndexAction.class.php 第 5 行.
SQL: select * from yhb where yhzh='li309263754' [ RunTime:0.000000s ]
SQL: select * from yhb where yhzh <> 'li309263754' limit 0,5 [ RunTime:0.000000s ]
INFO: [ view_parse ] --START--
INFO: ParseTemplate Behavior ::run [ RunTime:0.046995s ]
INFO: [ view_parse ] --END-- [ RunTime:0.046995s ]
INFO: [ view_filter ] --START--
INFO: ContentReplace Behavior ::run [ RunTime:0.000000s ]
INFO: TokenBuild Behavior ::run [ RunTime:0.000000s ]
INFO: WriteHtmlCache Behavior ::run [ RunTime:0.000000s ]
INFO: ShowRuntime Behavior ::run [ RunTime:0.000000s ]
INFO: [ view_filter ] --END-- [ RunTime:0.000000s ]
INFO: [ view_end ] --START--
INFO: ShowPageTrace Behavior ::run [ RunTime:0.015665s ]
INFO: [ view_end ] --END-- [ RunTime:0.015665s ]

[ 2016-08-25T14:06:01+08:00 ] 119.118.70.56 /Shouye
INFO: [ route_check ] --START--
INFO: CheckRoute Behavior ::run [ RunTime:0.000000s ]
INFO: [ route_check ] --END-- [ RunTime:0.000000s ]
INFO: [ app_begin ] --START--
INFO: ReadHtmlCache Behavior ::run [ RunTime:0.000000s ]
INFO: CheckLang Behavior ::run [ RunTime:0.000000s ]
INFO: [ app_begin ] --END-- [ RunTime:0.000000s ]
SQL: select * from yhb where yhzh='li309263754' [ RunTime:0.000000s ]
SQL: SHOW COLUMNS FROM `yhb` [ RunTime:0.046995s ]
SQL: SELECT COUNT(*) AS tp_count FROM `yhb` LIMIT 1   [ RunTime:0.000000s ]
SQL: SELECT * FROM `yhb` WHERE ( yhzh <> 'li309263754' ) LIMIT 0,12   [ RunTime:0.000000s ]
INFO: [ view_parse ] --START--
INFO: ParseTemplate Behavior ::run [ RunTime:0.046994s ]
INFO: [ view_parse ] --END-- [ RunTime:0.046994s ]
INFO: [ view_filter ] --START--
INFO: ContentReplace Behavior ::run [ RunTime:0.000000s ]
INFO: TokenBuild Behavior ::run [ RunTime:0.000000s ]
INFO: WriteHtmlCache Behavior ::run [ RunTime:0.000000s ]
INFO: ShowRuntime Behavior ::run [ RunTime:0.000000s ]
INFO: [ view_filter ] --END-- [ RunTime:0.000000s ]
INFO: [ view_end ] --START--
INFO: ShowPageTrace Behavior ::run [ RunTime:0.000000s ]
INFO: [ view_end ] --END-- [ RunTime:0.000000s ]

[ 2016-08-25T14:06:23+08:00 ] 119.118.70.56 /Shengji
INFO: [ route_check ] --START--
INFO: CheckRoute Behavior ::run [ RunTime:0.000000s ]
INFO: [ route_check ] --END-- [ RunTime:0.000000s ]
INFO: [ app_begin ] --START--
INFO: ReadHtmlCache Behavior ::run [ RunTime:0.000000s ]
INFO: CheckLang Behavior ::run [ RunTime:0.000000s ]
INFO: [ app_begin ] --END-- [ RunTime:0.000000s ]
SQL: SHOW COLUMNS FROM `yhb` [ RunTime:0.000000s ]
SQL: SELECT * FROM `yhb` WHERE ( yhzh='li309263754' )  [ RunTime:0.000000s ]
SQL: SHOW COLUMNS FROM `pengyou` [ RunTime:0.015665s ]
SQL: SELECT * FROM `pengyou` WHERE ( yhzh='li309263754' )  [ RunTime:0.000000s ]
INFO: [ view_parse ] --START--
INFO: ParseTemplate Behavior ::run [ RunTime:0.031328s ]
INFO: [ view_parse ] --END-- [ RunTime:0.031328s ]
INFO: [ view_filter ] --START--
INFO: ContentReplace Behavior ::run [ RunTime:0.000000s ]
INFO: TokenBuild Behavior ::run [ RunTime:0.000000s ]
INFO: WriteHtmlCache Behavior ::run [ RunTime:0.000000s ]
INFO: ShowRuntime Behavior ::run [ RunTime:0.000000s ]
INFO: [ view_filter ] --END-- [ RunTime:0.000000s ]
INFO: [ view_end ] --START--
INFO: ShowPageTrace Behavior ::run [ RunTime:0.000000s ]
INFO: [ view_end ] --END-- [ RunTime:0.000000s ]

[ 2016-08-25T14:06:27+08:00 ] 119.118.70.56 /Shengji/blhy
INFO: [ route_check ] --START--
INFO: CheckRoute Behavior ::run [ RunTime:0.000000s ]
INFO: [ route_check ] --END-- [ RunTime:0.000000s ]
INFO: [ app_begin ] --START--
INFO: ReadHtmlCache Behavior ::run [ RunTime:0.000000s ]
INFO: CheckLang Behavior ::run [ RunTime:0.000000s ]
INFO: [ app_begin ] --END-- [ RunTime:0.000000s ]
SQL: SHOW COLUMNS FROM `yhb` [ RunTime:0.000000s ]
SQL: SELECT * FROM `yhb` WHERE ( yhzh='li309263754' )  [ RunTime:0.000000s ]
SQL: SHOW COLUMNS FROM `hyjg` [ RunTime:0.109650s ]
SQL: SELECT * FROM `hyjg` WHERE ( lx='高级会员1个月' )  [ RunTime:0.015664s ]
SQL: update yhb set yhhy=1,dqsj='2016-09-24',kssj='2016-08-25' where yhzh='li309263754' [ RunTime:0.000000s ]
SQL: update yhb set yhjb='580' where yhzh='li309263754' [ RunTime:0.000000s ]
INFO: [ view_parse ] --START--
INFO: ParseTemplate Behavior ::run [ RunTime:0.046992s ]
INFO: [ view_parse ] --END-- [ RunTime:0.046992s ]
INFO: [ view_filter ] --START--
INFO: ContentReplace Behavior ::run [ RunTime:0.000000s ]
INFO: TokenBuild Behavior ::run [ RunTime:0.000000s ]
INFO: WriteHtmlCache Behavior ::run [ RunTime:0.000000s ]
INFO: ShowRuntime Behavior ::run [ RunTime:0.000000s ]
INFO: [ view_filter ] --END-- [ RunTime:0.000000s ]
INFO: [ view_end ] --START--
INFO: ShowPageTrace Behavior ::run [ RunTime:0.000000s ]
INFO: [ view_end ] --END-- [ RunTime:0.000000s ]

[ 2016-08-25T14:06:29+08:00 ] 119.118.70.56 /Shouye
INFO: [ route_check ] --START--
INFO: CheckRoute Behavior ::run [ RunTime:0.000000s ]
INFO: [ route_check ] --END-- [ RunTime:0.000000s ]
INFO: [ app_begin ] --START--
INFO: ReadHtmlCache Behavior ::run [ RunTime:0.000000s ]
INFO: CheckLang Behavior ::run [ RunTime:0.015664s ]
INFO: [ app_begin ] --END-- [ RunTime:0.015664s ]
SQL: select * from yhb where yhzh='li309263754' [ RunTime:0.000000s ]
SQL: SHOW COLUMNS FROM `yhb` [ RunTime:0.015664s ]
SQL: SELECT COUNT(*) AS tp_count FROM `yhb` LIMIT 1   [ RunTime:0.000000s ]
SQL: SELECT * FROM `yhb` WHERE ( yhzh <> 'li309263754' ) LIMIT 0,12   [ RunTime:0.000000s ]
INFO: [ view_parse ] --START--
INFO: ParseTemplate Behavior ::run [ RunTime:0.062657s ]
INFO: [ view_parse ] --END-- [ RunTime:0.062657s ]
INFO: [ view_filter ] --START--
INFO: ContentReplace Behavior ::run [ RunTime:0.000000s ]
INFO: TokenBuild Behavior ::run [ RunTime:0.000000s ]
INFO: WriteHtmlCache Behavior ::run [ RunTime:0.000000s ]
INFO: ShowRuntime Behavior ::run [ RunTime:0.000000s ]
INFO: [ view_filter ] --END-- [ RunTime:0.000000s ]
INFO: [ view_end ] --START--
INFO: ShowPageTrace Behavior ::run [ RunTime:0.000000s ]
INFO: [ view_end ] --END-- [ RunTime:0.000000s ]

[ 2016-08-25T14:06:31+08:00 ] 119.118.70.56 /Index
INFO: [ route_check ] --START--
INFO: CheckRoute Behavior ::run [ RunTime:0.000000s ]
INFO: [ route_check ] --END-- [ RunTime:0.000000s ]
INFO: [ app_begin ] --START--
INFO: ReadHtmlCache Behavior ::run [ RunTime:0.000000s ]
INFO: CheckLang Behavior ::run [ RunTime:0.000000s ]
INFO: [ app_begin ] --END-- [ RunTime:0.000000s ]
NOTIC: [8] Undefined index: cm C:\jywz\Modules\Home\Action\IndexAction.class.php 第 5 行.
SQL: select * from yhb where yhzh='li309263754' [ RunTime:0.000000s ]
SQL: select * from yhb where yhzh <> 'li309263754' limit 0,5 [ RunTime:0.000000s ]
INFO: [ view_parse ] --START--
INFO: ParseTemplate Behavior ::run [ RunTime:0.046992s ]
INFO: [ view_parse ] --END-- [ RunTime:0.046992s ]
INFO: [ view_filter ] --START--
INFO: ContentReplace Behavior ::run [ RunTime:0.000000s ]
INFO: TokenBuild Behavior ::run [ RunTime:0.000000s ]
INFO: WriteHtmlCache Behavior ::run [ RunTime:0.000000s ]
INFO: ShowRuntime Behavior ::run [ RunTime:0.000000s ]
INFO: [ view_filter ] --END-- [ RunTime:0.000000s ]
INFO: [ view_end ] --START--
INFO: ShowPageTrace Behavior ::run [ RunTime:0.031329s ]
INFO: [ view_end ] --END-- [ RunTime:0.031329s ]

[ 2016-08-25T14:06:31+08:00 ] 119.118.70.56 /Shouye
INFO: [ route_check ] --START--
INFO: CheckRoute Behavior ::run [ RunTime:0.000000s ]
INFO: [ route_check ] --END-- [ RunTime:0.000000s ]
INFO: [ app_begin ] --START--
INFO: ReadHtmlCache Behavior ::run [ RunTime:0.000000s ]
INFO: CheckLang Behavior ::run [ RunTime:0.015664s ]
INFO: [ app_begin ] --END-- [ RunTime:0.015664s ]
SQL: select * from yhb where yhzh='li309263754' [ RunTime:0.000000s ]
SQL: SHOW COLUMNS FROM `yhb` [ RunTime:0.000000s ]
SQL: SELECT COUNT(*) AS tp_count FROM `yhb` LIMIT 1   [ RunTime:0.000000s ]
SQL: SELECT * FROM `yhb` WHERE ( yhzh <> 'li309263754' ) LIMIT 0,12   [ RunTime:0.000000s ]
INFO: [ view_parse ] --START--
INFO: ParseTemplate Behavior ::run [ RunTime:0.031328s ]
INFO: [ view_parse ] --END-- [ RunTime:0.031328s ]
INFO: [ view_filter ] --START--
INFO: ContentReplace Behavior ::run [ RunTime:0.000000s ]
INFO: TokenBuild Behavior ::run [ RunTime:0.000000s ]
INFO: WriteHtmlCache Behavior ::run [ RunTime:0.000000s ]
INFO: ShowRuntime Behavior ::run [ RunTime:0.000000s ]
INFO: [ view_filter ] --END-- [ RunTime:0.000000s ]
INFO: [ view_end ] --START--
INFO: ShowPageTrace Behavior ::run [ RunTime:0.031328s ]
INFO: [ view_end ] --END-- [ RunTime:0.031328s ]

[ 2016-08-25T14:07:08+08:00 ] 119.118.70.56 /Index
INFO: [ route_check ] --START--
INFO: CheckRoute Behavior ::run [ RunTime:0.031332s ]
INFO: [ route_check ] --END-- [ RunTime:0.031332s ]
INFO: [ app_begin ] --START--
INFO: ReadHtmlCache Behavior ::run [ RunTime:0.000000s ]
INFO: CheckLang Behavior ::run [ RunTime:0.000000s ]
INFO: [ app_begin ] --END-- [ RunTime:0.000000s ]
NOTIC: [8] Undefined index: cm C:\jywz\Modules\Home\Action\IndexAction.class.php 第 5 行.
SQL: select * from yhb where yhzh='li309263754' [ RunTime:0.000000s ]
SQL: select * from yhb where yhzh <> 'li309263754' limit 0,5 [ RunTime:0.000000s ]
INFO: [ view_parse ] --START--
INFO: ParseTemplate Behavior ::run [ RunTime:0.015666s ]
INFO: [ view_parse ] --END-- [ RunTime:0.015666s ]
INFO: [ view_filter ] --START--
INFO: ContentReplace Behavior ::run [ RunTime:0.031332s ]
INFO: TokenBuild Behavior ::run [ RunTime:0.000000s ]
INFO: WriteHtmlCache Behavior ::run [ RunTime:0.000000s ]
INFO: ShowRuntime Behavior ::run [ RunTime:0.000000s ]
INFO: [ view_filter ] --END-- [ RunTime:0.031332s ]
INFO: [ view_end ] --START--
INFO: ShowPageTrace Behavior ::run [ RunTime:0.000000s ]
INFO: [ view_end ] --END-- [ RunTime:0.000000s ]

[ 2016-08-25T14:07:09+08:00 ] 119.118.70.56 /Shouye
INFO: [ route_check ] --START--
INFO: CheckRoute Behavior ::run [ RunTime:0.000000s ]
INFO: [ route_check ] --END-- [ RunTime:0.000000s ]
INFO: [ app_begin ] --START--
INFO: ReadHtmlCache Behavior ::run [ RunTime:0.000000s ]
INFO: CheckLang Behavior ::run [ RunTime:0.000000s ]
INFO: [ app_begin ] --END-- [ RunTime:0.000000s ]
SQL: select * from yhb where yhzh='li309263754' [ RunTime:0.046998s ]
SQL: SHOW COLUMNS FROM `yhb` [ RunTime:0.015666s ]
SQL: SELECT COUNT(*) AS tp_count FROM `yhb` LIMIT 1   [ RunTime:0.000000s ]
SQL: SELECT * FROM `yhb` WHERE ( yhzh <> 'li309263754' ) LIMIT 0,12   [ RunTime:0.000000s ]
INFO: [ view_parse ] --START--
INFO: ParseTemplate Behavior ::run [ RunTime:0.078330s ]
INFO: [ view_parse ] --END-- [ RunTime:0.078330s ]
INFO: [ view_filter ] --START--
INFO: ContentReplace Behavior ::run [ RunTime:0.015666s ]
INFO: TokenBuild Behavior ::run [ RunTime:0.000000s ]
INFO: WriteHtmlCache Behavior ::run [ RunTime:0.000000s ]
INFO: ShowRuntime Behavior ::run [ RunTime:0.000000s ]
INFO: [ view_filter ] --END-- [ RunTime:0.015666s ]
INFO: [ view_end ] --START--
INFO: ShowPageTrace Behavior ::run [ RunTime:0.000000s ]
INFO: [ view_end ] --END-- [ RunTime:0.000000s ]

[ 2016-08-25T14:08:09+08:00 ] 119.118.70.56 /Liwu
INFO: [ route_check ] --START--
INFO: CheckRoute Behavior ::run [ RunTime:0.000000s ]
INFO: [ route_check ] --END-- [ RunTime:0.000000s ]
INFO: [ app_begin ] --START--
INFO: ReadHtmlCache Behavior ::run [ RunTime:0.000000s ]
INFO: CheckLang Behavior ::run [ RunTime:0.000000s ]
INFO: [ app_begin ] --END-- [ RunTime:0.000000s ]
SQL: SHOW COLUMNS FROM `xnliwu` [ RunTime:0.046995s ]
SQL: SELECT COUNT(*) AS tp_count FROM `xnliwu` LIMIT 1   [ RunTime:0.015665s ]
SQL: SELECT * FROM `xnliwu` LIMIT 0,15   [ RunTime:0.000000s ]
INFO: [ view_parse ] --START--
INFO: ParseTemplate Behavior ::run [ RunTime:0.046996s ]
INFO: [ view_parse ] --END-- [ RunTime:0.046996s ]
INFO: [ view_filter ] --START--
INFO: ContentReplace Behavior ::run [ RunTime:0.000000s ]
INFO: TokenBuild Behavior ::run [ RunTime:0.000000s ]
INFO: WriteHtmlCache Behavior ::run [ RunTime:0.000000s ]
INFO: ShowRuntime Behavior ::run [ RunTime:0.000000s ]
INFO: [ view_filter ] --END-- [ RunTime:0.000000s ]
INFO: [ view_end ] --START--
INFO: ShowPageTrace Behavior ::run [ RunTime:0.000000s ]
INFO: [ view_end ] --END-- [ RunTime:0.000000s ]

[ 2016-08-25T14:08:11+08:00 ] 119.118.70.56 /Pengyou
INFO: [ route_check ] --START--
INFO: CheckRoute Behavior ::run [ RunTime:0.000000s ]
INFO: [ route_check ] --END-- [ RunTime:0.000000s ]
INFO: [ app_begin ] --START--
INFO: ReadHtmlCache Behavior ::run [ RunTime:0.000000s ]
INFO: CheckLang Behavior ::run [ RunTime:0.015665s ]
INFO: [ app_begin ] --END-- [ RunTime:0.015665s ]
SQL: select pyzh from pengyou where yhzh='li309263754' [ RunTime:0.000000s ]
NOTIC: [8] Undefined variable: where C:\jywz\Modules\Home\Action\PengyouAction.class.php 第 29 行.
INFO: [ view_parse ] --START--
NOTIC: [8] Undefined variable: pagestr C:\jywz\Runtime\Cache\Home\4d56a316642f65c06ae3586fd3ae5261.php 第 29 行.
INFO: ParseTemplate Behavior ::run [ RunTime:0.031330s ]
INFO: [ view_parse ] --END-- [ RunTime:0.031330s ]
INFO: [ view_filter ] --START--
INFO: ContentReplace Behavior ::run [ RunTime:0.015665s ]
INFO: TokenBuild Behavior ::run [ RunTime:0.000000s ]
INFO: WriteHtmlCache Behavior ::run [ RunTime:0.000000s ]
INFO: ShowRuntime Behavior ::run [ RunTime:0.000000s ]
INFO: [ view_filter ] --END-- [ RunTime:0.015665s ]
INFO: [ view_end ] --START--
INFO: ShowPageTrace Behavior ::run [ RunTime:0.000000s ]
INFO: [ view_end ] --END-- [ RunTime:0.000000s ]

[ 2016-08-25T14:08:12+08:00 ] 119.118.70.56 /Xiangce
INFO: [ route_check ] --START--
INFO: CheckRoute Behavior ::run [ RunTime:0.000000s ]
INFO: [ route_check ] --END-- [ RunTime:0.000000s ]
INFO: [ app_begin ] --START--
INFO: ReadHtmlCache Behavior ::run [ RunTime:0.000000s ]
INFO: CheckLang Behavior ::run [ RunTime:0.015663s ]
INFO: [ app_begin ] --END-- [ RunTime:0.015663s ]
SQL: select * from xiangce where yhzh='li309263754' [ RunTime:0.015663s ]
INFO: [ view_parse ] --START--
NOTIC: [8] Undefined variable: pagestr C:\jywz\Runtime\Cache\Home\31e44271de72e3e1098e445dbea2e5a5.php 第 36 行.
INFO: ParseTemplate Behavior ::run [ RunTime:0.078315s ]
INFO: [ view_parse ] --END-- [ RunTime:0.078315s ]
INFO: [ view_filter ] --START--
INFO: ContentReplace Behavior ::run [ RunTime:0.000000s ]
INFO: TokenBuild Behavior ::run [ RunTime:0.000000s ]
INFO: WriteHtmlCache Behavior ::run [ RunTime:0.000000s ]
INFO: ShowRuntime Behavior ::run [ RunTime:0.000000s ]
INFO: [ view_filter ] --END-- [ RunTime:0.000000s ]
INFO: [ view_end ] --START--
INFO: ShowPageTrace Behavior ::run [ RunTime:0.015663s ]
INFO: [ view_end ] --END-- [ RunTime:0.015663s ]

[ 2016-08-25T14:08:13+08:00 ] 119.118.70.56 /Rizhi
INFO: [ route_check ] --START--
INFO: CheckRoute Behavior ::run [ RunTime:0.000000s ]
INFO: [ route_check ] --END-- [ RunTime:0.000000s ]
INFO: [ app_begin ] --START--
INFO: ReadHtmlCache Behavior ::run [ RunTime:0.000000s ]
INFO: CheckLang Behavior ::run [ RunTime:0.000000s ]
INFO: [ app_begin ] --END-- [ RunTime:0.000000s ]
SQL: SHOW COLUMNS FROM `rizhi` [ RunTime:0.000000s ]
SQL: SELECT COUNT(*) AS tp_count FROM `rizhi` WHERE ( yhzh='li309263754' ) LIMIT 1   [ RunTime:0.000000s ]
SQL: SELECT * FROM `rizhi` WHERE ( yhzh='li309263754' ) LIMIT 0,5   [ RunTime:0.000000s ]
INFO: [ view_parse ] --START--
INFO: ParseTemplate Behavior ::run [ RunTime:0.015663s ]
INFO: [ view_parse ] --END-- [ RunTime:0.015663s ]
INFO: [ view_filter ] --START--
INFO: ContentReplace Behavior ::run [ RunTime:0.000000s ]
INFO: TokenBuild Behavior ::run [ RunTime:0.000000s ]
INFO: WriteHtmlCache Behavior ::run [ RunTime:0.000000s ]
INFO: ShowRuntime Behavior ::run [ RunTime:0.000000s ]
INFO: [ view_filter ] --END-- [ RunTime:0.000000s ]
INFO: [ view_end ] --START--
INFO: ShowPageTrace Behavior ::run [ RunTime:0.000000s ]
INFO: [ view_end ] --END-- [ RunTime:0.000000s ]

[ 2016-08-25T14:08:15+08:00 ] 119.118.70.56 /Kongjian
INFO: [ route_check ] --START--
INFO: CheckRoute Behavior ::run [ RunTime:0.000000s ]
INFO: [ route_check ] --END-- [ RunTime:0.000000s ]
INFO: [ app_begin ] --START--
INFO: ReadHtmlCache Behavior ::run [ RunTime:0.015663s ]
INFO: CheckLang Behavior ::run [ RunTime:0.000000s ]
INFO: [ app_begin ] --END-- [ RunTime:0.015663s ]
SQL: SHOW COLUMNS FROM `xcxq` [ RunTime:0.000000s ]
SQL: SELECT * FROM `xcxq` WHERE ( yhzh='li309263754' ) LIMIT 0,4   [ RunTime:0.015663s ]
NOTIC: [8] Undefined variable: yhid C:\jywz\Modules\Home\Action\KongjianAction.class.php 第 12 行.
SQL: SHOW COLUMNS FROM `rizhi` [ RunTime:0.015663s ]
SQL: SELECT * FROM `rizhi` WHERE ( yhzh='li309263754' ) LIMIT 0,1   [ RunTime:0.000000s ]
SQL: SHOW COLUMNS FROM `liuyan` [ RunTime:0.031326s ]
SQL: SELECT * FROM `liuyan` WHERE ( yhzh='li309263754' ) LIMIT 0,1   [ RunTime:0.000000s ]
INFO: [ view_parse ] --START--
INFO: ParseTemplate Behavior ::run [ RunTime:0.000000s ]
INFO: [ view_parse ] --END-- [ RunTime:0.015663s ]
INFO: [ view_filter ] --START--
INFO: ContentReplace Behavior ::run [ RunTime:0.000000s ]
INFO: TokenBuild Behavior ::run [ RunTime:0.015663s ]
INFO: WriteHtmlCache Behavior ::run [ RunTime:0.000000s ]
INFO: ShowRuntime Behavior ::run [ RunTime:0.000000s ]
INFO: [ view_filter ] --END-- [ RunTime:0.015663s ]
INFO: [ view_end ] --START--
INFO: ShowPageTrace Behavior ::run [ RunTime:0.000000s ]
INFO: [ view_end ] --END-- [ RunTime:0.000000s ]

[ 2016-08-25T14:08:17+08:00 ] 119.118.70.56 /Index
INFO: [ route_check ] --START--
INFO: CheckRoute Behavior ::run [ RunTime:0.015663s ]
INFO: [ route_check ] --END-- [ RunTime:0.015663s ]
INFO: [ app_begin ] --START--
INFO: ReadHtmlCache Behavior ::run [ RunTime:0.031326s ]
INFO: CheckLang Behavior ::run [ RunTime:0.015663s ]
INFO: [ app_begin ] --END-- [ RunTime:0.046989s ]
NOTIC: [8] Undefined index: cm C:\jywz\Modules\Home\Action\IndexAction.class.php 第 5 行.
SQL: select * from yhb where yhzh='li309263754' [ RunTime:0.000000s ]
SQL: select * from yhb where yhzh <> 'li309263754' limit 0,5 [ RunTime:0.000000s ]
INFO: [ view_parse ] --START--
INFO: ParseTemplate Behavior ::run [ RunTime:0.031326s ]
INFO: [ view_parse ] --END-- [ RunTime:0.046989s ]
INFO: [ view_filter ] --START--
INFO: ContentReplace Behavior ::run [ RunTime:0.000000s ]
INFO: TokenBuild Behavior ::run [ RunTime:0.000000s ]
INFO: WriteHtmlCache Behavior ::run [ RunTime:0.000000s ]
INFO: ShowRuntime Behavior ::run [ RunTime:0.000000s ]
INFO: [ view_filter ] --END-- [ RunTime:0.000000s ]
INFO: [ view_end ] --START--
INFO: ShowPageTrace Behavior ::run [ RunTime:0.000000s ]
INFO: [ view_end ] --END-- [ RunTime:0.000000s ]

[ 2016-08-25T14:08:17+08:00 ] 119.118.70.56 /Shouye
INFO: [ route_check ] --START--
INFO: CheckRoute Behavior ::run [ RunTime:0.000000s ]
INFO: [ route_check ] --END-- [ RunTime:0.000000s ]
INFO: [ app_begin ] --START--
INFO: ReadHtmlCache Behavior ::run [ RunTime:0.015663s ]
INFO: CheckLang Behavior ::run [ RunTime:0.015663s ]
INFO: [ app_begin ] --END-- [ RunTime:0.031326s ]
SQL: select * from yhb where yhzh='li309263754' [ RunTime:0.000000s ]
SQL: SHOW COLUMNS FROM `yhb` [ RunTime:0.015663s ]
SQL: SELECT COUNT(*) AS tp_count FROM `yhb` LIMIT 1   [ RunTime:0.000000s ]
SQL: SELECT * FROM `yhb` WHERE ( yhzh <> 'li309263754' ) LIMIT 0,12   [ RunTime:0.000000s ]
INFO: [ view_parse ] --START--
INFO: ParseTemplate Behavior ::run [ RunTime:0.015663s ]
INFO: [ view_parse ] --END-- [ RunTime:0.015663s ]
INFO: [ view_filter ] --START--
INFO: ContentReplace Behavior ::run [ RunTime:0.000000s ]
INFO: TokenBuild Behavior ::run [ RunTime:0.000000s ]
INFO: WriteHtmlCache Behavior ::run [ RunTime:0.000000s ]
INFO: ShowRuntime Behavior ::run [ RunTime:0.000000s ]
INFO: [ view_filter ] --END-- [ RunTime:0.000000s ]
INFO: [ view_end ] --START--
INFO: ShowPageTrace Behavior ::run [ RunTime:0.015663s ]
INFO: [ view_end ] --END-- [ RunTime:0.015663s ]

[ 2016-08-25T14:09:02+08:00 ] 180.153.214.182 /Kby1?tx=2NP73731049023944&st=Completed&amt=100.00&cc=USD&cm=1472105109&item_number=
INFO: [ route_check ] --START--
INFO: CheckRoute Behavior ::run [ RunTime:0.000000s ]
INFO: [ route_check ] --END-- [ RunTime:0.000000s ]
INFO: [ app_begin ] --START--
INFO: ReadHtmlCache Behavior ::run [ RunTime:0.000000s ]
INFO: CheckLang Behavior ::run [ RunTime:0.000000s ]
INFO: [ app_begin ] --END-- [ RunTime:0.000000s ]

[ 2016-08-25T14:09:03+08:00 ] 180.153.214.182 /Home/Login/index.html
INFO: [ route_check ] --START--
INFO: CheckRoute Behavior ::run [ RunTime:0.000000s ]
INFO: [ route_check ] --END-- [ RunTime:0.000000s ]
INFO: [ app_begin ] --START--
INFO: ReadHtmlCache Behavior ::run [ RunTime:0.000000s ]
INFO: CheckLang Behavior ::run [ RunTime:0.000000s ]
INFO: [ app_begin ] --END-- [ RunTime:0.000000s ]
SQL: SHOW COLUMNS FROM `yhb` [ RunTime:0.015664s ]
SQL: SELECT * FROM `yhb`  [ RunTime:0.000000s ]
INFO: [ view_parse ] --START--
INFO: ParseTemplate Behavior ::run [ RunTime:0.062657s ]
INFO: [ view_parse ] --END-- [ RunTime:0.062657s ]
INFO: [ view_filter ] --START--
INFO: ContentReplace Behavior ::run [ RunTime:0.000000s ]
INFO: TokenBuild Behavior ::run [ RunTime:0.000000s ]
INFO: WriteHtmlCache Behavior ::run [ RunTime:0.000000s ]
INFO: ShowRuntime Behavior ::run [ RunTime:0.000000s ]
INFO: [ view_filter ] --END-- [ RunTime:0.000000s ]
INFO: [ view_end ] --START--
INFO: ShowPageTrace Behavior ::run [ RunTime:0.000000s ]
INFO: [ view_end ] --END-- [ RunTime:0.000000s ]

[ 2016-08-25T14:11:16+08:00 ] 180.153.214.190 /Liwu
INFO: [ route_check ] --START--
INFO: CheckRoute Behavior ::run [ RunTime:0.015666s ]
INFO: [ route_check ] --END-- [ RunTime:0.031332s ]
INFO: [ app_begin ] --START--
INFO: ReadHtmlCache Behavior ::run [ RunTime:0.000000s ]
INFO: CheckLang Behavior ::run [ RunTime:0.015665s ]
INFO: [ app_begin ] --END-- [ RunTime:0.015665s ]

[ 2016-08-25T14:11:17+08:00 ] 180.153.214.190 /Home/Login/index.html
INFO: [ route_check ] --START--
INFO: CheckRoute Behavior ::run [ RunTime:0.000000s ]
INFO: [ route_check ] --END-- [ RunTime:0.000000s ]
INFO: [ app_begin ] --START--
INFO: ReadHtmlCache Behavior ::run [ RunTime:0.000000s ]
INFO: CheckLang Behavior ::run [ RunTime:0.031331s ]
INFO: [ app_begin ] --END-- [ RunTime:0.031331s ]
SQL: SHOW COLUMNS FROM `yhb` [ RunTime:0.000000s ]
SQL: SELECT * FROM `yhb`  [ RunTime:0.000000s ]
INFO: [ view_parse ] --START--
INFO: ParseTemplate Behavior ::run [ RunTime:0.015666s ]
INFO: [ view_parse ] --END-- [ RunTime:0.015666s ]
INFO: [ view_filter ] --START--
INFO: ContentReplace Behavior ::run [ RunTime:0.015666s ]
INFO: TokenBuild Behavior ::run [ RunTime:0.000000s ]
INFO: WriteHtmlCache Behavior ::run [ RunTime:0.000000s ]
INFO: ShowRuntime Behavior ::run [ RunTime:0.015666s ]
INFO: [ view_filter ] --END-- [ RunTime:0.031332s ]
INFO: [ view_end ] --START--
INFO: ShowPageTrace Behavior ::run [ RunTime:0.000000s ]
INFO: [ view_end ] --END-- [ RunTime:0.000000s ]

[ 2016-08-25T14:11:20+08:00 ] 101.226.33.208 /Rizhi
INFO: [ route_check ] --START--
INFO: CheckRoute Behavior ::run [ RunTime:0.000000s ]
INFO: [ route_check ] --END-- [ RunTime:0.000000s ]
INFO: [ app_begin ] --START--
INFO: ReadHtmlCache Behavior ::run [ RunTime:0.000000s ]
INFO: CheckLang Behavior ::run [ RunTime:0.000000s ]
INFO: [ app_begin ] --END-- [ RunTime:0.000000s ]

[ 2016-08-25T14:11:20+08:00 ] 101.226.33.208 /Home/Login/index.html
INFO: [ route_check ] --START--
INFO: CheckRoute Behavior ::run [ RunTime:0.000000s ]
INFO: [ route_check ] --END-- [ RunTime:0.000000s ]
INFO: [ app_begin ] --START--
INFO: ReadHtmlCache Behavior ::run [ RunTime:0.000000s ]
INFO: CheckLang Behavior ::run [ RunTime:0.031332s ]
INFO: [ app_begin ] --END-- [ RunTime:0.031332s ]
SQL: SHOW COLUMNS FROM `yhb` [ RunTime:0.000000s ]
SQL: SELECT * FROM `yhb`  [ RunTime:0.000000s ]
INFO: [ view_parse ] --START--
INFO: ParseTemplate Behavior ::run [ RunTime:0.078330s ]
INFO: [ view_parse ] --END-- [ RunTime:0.078330s ]
INFO: [ view_filter ] --START--
INFO: ContentReplace Behavior ::run [ RunTime:0.000000s ]
INFO: TokenBuild Behavior ::run [ RunTime:0.000000s ]
INFO: WriteHtmlCache Behavior ::run [ RunTime:0.000000s ]
INFO: ShowRuntime Behavior ::run [ RunTime:0.000000s ]
INFO: [ view_filter ] --END-- [ RunTime:0.000000s ]
INFO: [ view_end ] --START--
INFO: ShowPageTrace Behavior ::run [ RunTime:0.000000s ]
INFO: [ view_end ] --END-- [ RunTime:0.000000s ]

